[0.018s] Invoking command in '/home/beakhongha/RobotArm/build/team4_msgs': CMAKE_PREFIX_PATH=${CMAKE_PREFIX_PATH}:/home/beakhongha/RobotArm/install/aris_pkg:/opt/ros/humble /usr/bin/cmake --build /home/beakhongha/RobotArm/build/team4_msgs -- -j16 -l16
[0.094s] [  2%] Built target team4_msgs__cpp
[0.095s] [ 12%] Built target team4_msgs__rosidl_generator_c
[0.107s] [ 12%] Built target ament_cmake_python_copy_team4_msgs
[0.122s] [ 33%] Built target team4_msgs__rosidl_typesupport_introspection_cpp
[0.122s] [ 33%] Built target team4_msgs__rosidl_typesupport_fastrtps_cpp
[0.122s] [ 43%] Built target team4_msgs__rosidl_typesupport_fastrtps_c
[0.124s] [ 53%] Built target team4_msgs__rosidl_typesupport_cpp
[0.136s] [ 74%] Built target team4_msgs__rosidl_typesupport_c
[0.136s] [ 74%] Built target team4_msgs__rosidl_typesupport_introspection_c
[0.163s] [ 74%] Built target team4_msgs
[0.192s] [ 76%] Built target team4_msgs__py
[0.224s] [ 84%] Built target team4_msgs__rosidl_generator_py
[0.253s] [100%] Built target team4_msgs__rosidl_typesupport_introspection_c__pyext
[0.253s] [100%] Built target team4_msgs__rosidl_typesupport_c__pyext
[0.253s] [100%] Built target team4_msgs__rosidl_typesupport_fastrtps_c__pyext
[0.473s] running egg_info
[0.474s] writing team4_msgs.egg-info/PKG-INFO
[0.474s] writing dependency_links to team4_msgs.egg-info/dependency_links.txt
[0.474s] writing top-level names to team4_msgs.egg-info/top_level.txt
[0.477s] reading manifest file 'team4_msgs.egg-info/SOURCES.txt'
[0.478s] writing manifest file 'team4_msgs.egg-info/SOURCES.txt'
[0.510s] [100%] Built target ament_cmake_python_build_team4_msgs_egg
[0.526s] Invoked command in '/home/beakhongha/RobotArm/build/team4_msgs' returned '0': CMAKE_PREFIX_PATH=${CMAKE_PREFIX_PATH}:/home/beakhongha/RobotArm/install/aris_pkg:/opt/ros/humble /usr/bin/cmake --build /home/beakhongha/RobotArm/build/team4_msgs -- -j16 -l16
[0.685s] Invoking command in '/home/beakhongha/RobotArm/build/team4_msgs': CMAKE_PREFIX_PATH=${CMAKE_PREFIX_PATH}:/home/beakhongha/RobotArm/install/aris_pkg:/opt/ros/humble /usr/bin/cmake --install /home/beakhongha/RobotArm/build/team4_msgs
[0.692s] -- Install configuration: ""
[0.692s] -- Up-to-date: /home/beakhongha/RobotArm/install/team4_msgs/share/ament_index/resource_index/rosidl_interfaces/team4_msgs
[0.693s] -- Up-to-date: /home/beakhongha/RobotArm/install/team4_msgs/include/team4_msgs/team4_msgs
[0.693s] -- Up-to-date: /home/beakhongha/RobotArm/install/team4_msgs/include/team4_msgs/team4_msgs/srv
[0.693s] -- Up-to-date: /home/beakhongha/RobotArm/install/team4_msgs/include/team4_msgs/team4_msgs/srv/detail
[0.693s] -- Up-to-date: /home/beakhongha/RobotArm/install/team4_msgs/include/team4_msgs/team4_msgs/srv/detail/put_on_icecream__functions.h
[0.693s] -- Up-to-date: /home/beakhongha/RobotArm/install/team4_msgs/include/team4_msgs/team4_msgs/srv/detail/put_on_icecream__struct.h
[0.693s] -- Up-to-date: /home/beakhongha/RobotArm/install/team4_msgs/include/team4_msgs/team4_msgs/srv/detail/put_on_icecream__functions.c
[0.693s] -- Up-to-date: /home/beakhongha/RobotArm/install/team4_msgs/include/team4_msgs/team4_msgs/srv/detail/put_on_icecream__type_support.h
[0.694s] -- Up-to-date: /home/beakhongha/RobotArm/install/team4_msgs/include/team4_msgs/team4_msgs/srv/put_on_icecream.h
[0.694s] -- Up-to-date: /home/beakhongha/RobotArm/install/team4_msgs/include/team4_msgs/team4_msgs/msg
[0.694s] -- Up-to-date: /home/beakhongha/RobotArm/install/team4_msgs/include/team4_msgs/team4_msgs/msg/detail
[0.694s] -- Up-to-date: /home/beakhongha/RobotArm/install/team4_msgs/include/team4_msgs/team4_msgs/msg/detail/storagy_status__functions.h
[0.694s] -- Up-to-date: /home/beakhongha/RobotArm/install/team4_msgs/include/team4_msgs/team4_msgs/msg/detail/storagy_status__struct.h
[0.694s] -- Up-to-date: /home/beakhongha/RobotArm/install/team4_msgs/include/team4_msgs/team4_msgs/msg/detail/storagy_status__type_support.h
[0.694s] -- Up-to-date: /home/beakhongha/RobotArm/install/team4_msgs/include/team4_msgs/team4_msgs/msg/detail/storagy_status__functions.c
[0.694s] -- Up-to-date: /home/beakhongha/RobotArm/install/team4_msgs/include/team4_msgs/team4_msgs/msg/storagy_status.h
[0.694s] -- Up-to-date: /home/beakhongha/RobotArm/install/team4_msgs/include/team4_msgs/team4_msgs/msg/rosidl_generator_c__visibility_control.h
[0.694s] -- Up-to-date: /home/beakhongha/RobotArm/install/team4_msgs/share/team4_msgs/environment/library_path.sh
[0.694s] -- Up-to-date: /home/beakhongha/RobotArm/install/team4_msgs/share/team4_msgs/environment/library_path.dsv
[0.694s] -- Up-to-date: /home/beakhongha/RobotArm/install/team4_msgs/lib/libteam4_msgs__rosidl_generator_c.so
[0.694s] -- Up-to-date: /home/beakhongha/RobotArm/install/team4_msgs/include/team4_msgs/team4_msgs
[0.694s] -- Up-to-date: /home/beakhongha/RobotArm/install/team4_msgs/include/team4_msgs/team4_msgs/srv
[0.694s] -- Up-to-date: /home/beakhongha/RobotArm/install/team4_msgs/include/team4_msgs/team4_msgs/srv/detail
[0.694s] -- Up-to-date: /home/beakhongha/RobotArm/install/team4_msgs/include/team4_msgs/team4_msgs/srv/detail/put_on_icecream__rosidl_typesupport_fastrtps_c.h
[0.694s] -- Up-to-date: /home/beakhongha/RobotArm/install/team4_msgs/include/team4_msgs/team4_msgs/msg
[0.694s] -- Up-to-date: /home/beakhongha/RobotArm/install/team4_msgs/include/team4_msgs/team4_msgs/msg/rosidl_typesupport_fastrtps_c__visibility_control.h
[0.694s] -- Up-to-date: /home/beakhongha/RobotArm/install/team4_msgs/include/team4_msgs/team4_msgs/msg/detail
[0.694s] -- Up-to-date: /home/beakhongha/RobotArm/install/team4_msgs/include/team4_msgs/team4_msgs/msg/detail/storagy_status__rosidl_typesupport_fastrtps_c.h
[0.694s] -- Up-to-date: /home/beakhongha/RobotArm/install/team4_msgs/lib/libteam4_msgs__rosidl_typesupport_fastrtps_c.so
[0.694s] -- Up-to-date: /home/beakhongha/RobotArm/install/team4_msgs/include/team4_msgs/team4_msgs
[0.695s] -- Up-to-date: /home/beakhongha/RobotArm/install/team4_msgs/include/team4_msgs/team4_msgs/srv
[0.695s] -- Up-to-date: /home/beakhongha/RobotArm/install/team4_msgs/include/team4_msgs/team4_msgs/srv/detail
[0.695s] -- Up-to-date: /home/beakhongha/RobotArm/install/team4_msgs/include/team4_msgs/team4_msgs/srv/detail/put_on_icecream__type_support.c
[0.695s] -- Up-to-date: /home/beakhongha/RobotArm/install/team4_msgs/include/team4_msgs/team4_msgs/srv/detail/put_on_icecream__rosidl_typesupport_introspection_c.h
[0.695s] -- Up-to-date: /home/beakhongha/RobotArm/install/team4_msgs/include/team4_msgs/team4_msgs/msg
[0.695s] -- Up-to-date: /home/beakhongha/RobotArm/install/team4_msgs/include/team4_msgs/team4_msgs/msg/detail
[0.695s] -- Up-to-date: /home/beakhongha/RobotArm/install/team4_msgs/include/team4_msgs/team4_msgs/msg/detail/storagy_status__rosidl_typesupport_introspection_c.h
[0.695s] -- Up-to-date: /home/beakhongha/RobotArm/install/team4_msgs/include/team4_msgs/team4_msgs/msg/detail/storagy_status__type_support.c
[0.695s] -- Up-to-date: /home/beakhongha/RobotArm/install/team4_msgs/include/team4_msgs/team4_msgs/msg/rosidl_typesupport_introspection_c__visibility_control.h
[0.695s] -- Up-to-date: /home/beakhongha/RobotArm/install/team4_msgs/lib/libteam4_msgs__rosidl_typesupport_introspection_c.so
[0.695s] -- Up-to-date: /home/beakhongha/RobotArm/install/team4_msgs/lib/libteam4_msgs__rosidl_typesupport_c.so
[0.695s] -- Up-to-date: /home/beakhongha/RobotArm/install/team4_msgs/include/team4_msgs/team4_msgs
[0.695s] -- Up-to-date: /home/beakhongha/RobotArm/install/team4_msgs/include/team4_msgs/team4_msgs/srv
[0.695s] -- Up-to-date: /home/beakhongha/RobotArm/install/team4_msgs/include/team4_msgs/team4_msgs/srv/put_on_icecream.hpp
[0.695s] -- Up-to-date: /home/beakhongha/RobotArm/install/team4_msgs/include/team4_msgs/team4_msgs/srv/detail
[0.695s] -- Up-to-date: /home/beakhongha/RobotArm/install/team4_msgs/include/team4_msgs/team4_msgs/srv/detail/put_on_icecream__struct.hpp
[0.695s] -- Up-to-date: /home/beakhongha/RobotArm/install/team4_msgs/include/team4_msgs/team4_msgs/srv/detail/put_on_icecream__traits.hpp
[0.695s] -- Up-to-date: /home/beakhongha/RobotArm/install/team4_msgs/include/team4_msgs/team4_msgs/srv/detail/put_on_icecream__builder.hpp
[0.695s] -- Up-to-date: /home/beakhongha/RobotArm/install/team4_msgs/include/team4_msgs/team4_msgs/msg
[0.695s] -- Up-to-date: /home/beakhongha/RobotArm/install/team4_msgs/include/team4_msgs/team4_msgs/msg/storagy_status.hpp
[0.695s] -- Up-to-date: /home/beakhongha/RobotArm/install/team4_msgs/include/team4_msgs/team4_msgs/msg/detail
[0.695s] -- Up-to-date: /home/beakhongha/RobotArm/install/team4_msgs/include/team4_msgs/team4_msgs/msg/detail/storagy_status__traits.hpp
[0.695s] -- Up-to-date: /home/beakhongha/RobotArm/install/team4_msgs/include/team4_msgs/team4_msgs/msg/detail/storagy_status__struct.hpp
[0.695s] -- Up-to-date: /home/beakhongha/RobotArm/install/team4_msgs/include/team4_msgs/team4_msgs/msg/detail/storagy_status__builder.hpp
[0.695s] -- Up-to-date: /home/beakhongha/RobotArm/install/team4_msgs/include/team4_msgs/team4_msgs
[0.696s] -- Up-to-date: /home/beakhongha/RobotArm/install/team4_msgs/include/team4_msgs/team4_msgs/srv
[0.696s] -- Up-to-date: /home/beakhongha/RobotArm/install/team4_msgs/include/team4_msgs/team4_msgs/srv/detail
[0.696s] -- Up-to-date: /home/beakhongha/RobotArm/install/team4_msgs/include/team4_msgs/team4_msgs/srv/detail/dds_fastrtps
[0.696s] -- Up-to-date: /home/beakhongha/RobotArm/install/team4_msgs/include/team4_msgs/team4_msgs/srv/detail/put_on_icecream__rosidl_typesupport_fastrtps_cpp.hpp
[0.696s] -- Up-to-date: /home/beakhongha/RobotArm/install/team4_msgs/include/team4_msgs/team4_msgs/msg
[0.696s] -- Up-to-date: /home/beakhongha/RobotArm/install/team4_msgs/include/team4_msgs/team4_msgs/msg/detail
[0.696s] -- Up-to-date: /home/beakhongha/RobotArm/install/team4_msgs/include/team4_msgs/team4_msgs/msg/detail/dds_fastrtps
[0.696s] -- Up-to-date: /home/beakhongha/RobotArm/install/team4_msgs/include/team4_msgs/team4_msgs/msg/detail/storagy_status__rosidl_typesupport_fastrtps_cpp.hpp
[0.696s] -- Up-to-date: /home/beakhongha/RobotArm/install/team4_msgs/include/team4_msgs/team4_msgs/msg/rosidl_typesupport_fastrtps_cpp__visibility_control.h
[0.696s] -- Up-to-date: /home/beakhongha/RobotArm/install/team4_msgs/lib/libteam4_msgs__rosidl_typesupport_fastrtps_cpp.so
[0.696s] -- Up-to-date: /home/beakhongha/RobotArm/install/team4_msgs/include/team4_msgs/team4_msgs
[0.696s] -- Up-to-date: /home/beakhongha/RobotArm/install/team4_msgs/include/team4_msgs/team4_msgs/srv
[0.696s] -- Up-to-date: /home/beakhongha/RobotArm/install/team4_msgs/include/team4_msgs/team4_msgs/srv/detail
[0.696s] -- Up-to-date: /home/beakhongha/RobotArm/install/team4_msgs/include/team4_msgs/team4_msgs/srv/detail/put_on_icecream__rosidl_typesupport_introspection_cpp.hpp
[0.696s] -- Up-to-date: /home/beakhongha/RobotArm/install/team4_msgs/include/team4_msgs/team4_msgs/srv/detail/put_on_icecream__type_support.cpp
[0.696s] -- Up-to-date: /home/beakhongha/RobotArm/install/team4_msgs/include/team4_msgs/team4_msgs/msg
[0.696s] -- Up-to-date: /home/beakhongha/RobotArm/install/team4_msgs/include/team4_msgs/team4_msgs/msg/detail
[0.696s] -- Up-to-date: /home/beakhongha/RobotArm/install/team4_msgs/include/team4_msgs/team4_msgs/msg/detail/storagy_status__type_support.cpp
[0.696s] -- Up-to-date: /home/beakhongha/RobotArm/install/team4_msgs/include/team4_msgs/team4_msgs/msg/detail/storagy_status__rosidl_typesupport_introspection_cpp.hpp
[0.696s] -- Up-to-date: /home/beakhongha/RobotArm/install/team4_msgs/lib/libteam4_msgs__rosidl_typesupport_introspection_cpp.so
[0.696s] -- Up-to-date: /home/beakhongha/RobotArm/install/team4_msgs/lib/libteam4_msgs__rosidl_typesupport_cpp.so
[0.696s] -- Up-to-date: /home/beakhongha/RobotArm/install/team4_msgs/share/team4_msgs/environment/pythonpath.sh
[0.696s] -- Up-to-date: /home/beakhongha/RobotArm/install/team4_msgs/share/team4_msgs/environment/pythonpath.dsv
[0.696s] -- Up-to-date: /home/beakhongha/RobotArm/install/team4_msgs/local/lib/python3.10/dist-packages/team4_msgs-0.0.0-py3.10.egg-info
[0.696s] -- Installing: /home/beakhongha/RobotArm/install/team4_msgs/local/lib/python3.10/dist-packages/team4_msgs-0.0.0-py3.10.egg-info/top_level.txt
[0.696s] -- Installing: /home/beakhongha/RobotArm/install/team4_msgs/local/lib/python3.10/dist-packages/team4_msgs-0.0.0-py3.10.egg-info/SOURCES.txt
[0.697s] -- Installing: /home/beakhongha/RobotArm/install/team4_msgs/local/lib/python3.10/dist-packages/team4_msgs-0.0.0-py3.10.egg-info/PKG-INFO
[0.697s] -- Installing: /home/beakhongha/RobotArm/install/team4_msgs/local/lib/python3.10/dist-packages/team4_msgs-0.0.0-py3.10.egg-info/dependency_links.txt
[0.697s] -- Up-to-date: /home/beakhongha/RobotArm/install/team4_msgs/local/lib/python3.10/dist-packages/team4_msgs
[0.697s] -- Up-to-date: /home/beakhongha/RobotArm/install/team4_msgs/local/lib/python3.10/dist-packages/team4_msgs/__init__.py
[0.697s] -- Up-to-date: /home/beakhongha/RobotArm/install/team4_msgs/local/lib/python3.10/dist-packages/team4_msgs/srv
[0.697s] -- Up-to-date: /home/beakhongha/RobotArm/install/team4_msgs/local/lib/python3.10/dist-packages/team4_msgs/srv/__init__.py
[0.697s] -- Up-to-date: /home/beakhongha/RobotArm/install/team4_msgs/local/lib/python3.10/dist-packages/team4_msgs/srv/_put_on_icecream.py
[0.697s] -- Up-to-date: /home/beakhongha/RobotArm/install/team4_msgs/local/lib/python3.10/dist-packages/team4_msgs/srv/_put_on_icecream_s.c
[0.697s] -- Up-to-date: /home/beakhongha/RobotArm/install/team4_msgs/local/lib/python3.10/dist-packages/team4_msgs/team4_msgs_s__rosidl_typesupport_introspection_c.cpython-310-x86_64-linux-gnu.so
[0.697s] -- Up-to-date: /home/beakhongha/RobotArm/install/team4_msgs/local/lib/python3.10/dist-packages/team4_msgs/_team4_msgs_s.ep.rosidl_typesupport_fastrtps_c.c
[0.697s] -- Up-to-date: /home/beakhongha/RobotArm/install/team4_msgs/local/lib/python3.10/dist-packages/team4_msgs/team4_msgs_s__rosidl_typesupport_c.cpython-310-x86_64-linux-gnu.so
[0.697s] -- Up-to-date: /home/beakhongha/RobotArm/install/team4_msgs/local/lib/python3.10/dist-packages/team4_msgs/team4_msgs_s__rosidl_typesupport_fastrtps_c.cpython-310-x86_64-linux-gnu.so
[0.697s] -- Up-to-date: /home/beakhongha/RobotArm/install/team4_msgs/local/lib/python3.10/dist-packages/team4_msgs/libteam4_msgs__rosidl_generator_py.so
[0.697s] -- Up-to-date: /home/beakhongha/RobotArm/install/team4_msgs/local/lib/python3.10/dist-packages/team4_msgs/_team4_msgs_s.ep.rosidl_typesupport_introspection_c.c
[0.697s] -- Up-to-date: /home/beakhongha/RobotArm/install/team4_msgs/local/lib/python3.10/dist-packages/team4_msgs/msg
[0.697s] -- Up-to-date: /home/beakhongha/RobotArm/install/team4_msgs/local/lib/python3.10/dist-packages/team4_msgs/msg/_storagy_status_s.c
[0.697s] -- Up-to-date: /home/beakhongha/RobotArm/install/team4_msgs/local/lib/python3.10/dist-packages/team4_msgs/msg/__init__.py
[0.697s] -- Up-to-date: /home/beakhongha/RobotArm/install/team4_msgs/local/lib/python3.10/dist-packages/team4_msgs/msg/_storagy_status.py
[0.697s] -- Up-to-date: /home/beakhongha/RobotArm/install/team4_msgs/local/lib/python3.10/dist-packages/team4_msgs/_team4_msgs_s.ep.rosidl_typesupport_c.c
[0.726s] Listing '/home/beakhongha/RobotArm/install/team4_msgs/local/lib/python3.10/dist-packages/team4_msgs'...
[0.726s] Listing '/home/beakhongha/RobotArm/install/team4_msgs/local/lib/python3.10/dist-packages/team4_msgs/msg'...
[0.726s] Listing '/home/beakhongha/RobotArm/install/team4_msgs/local/lib/python3.10/dist-packages/team4_msgs/srv'...
[0.729s] -- Up-to-date: /home/beakhongha/RobotArm/install/team4_msgs/local/lib/python3.10/dist-packages/team4_msgs/team4_msgs_s__rosidl_typesupport_fastrtps_c.cpython-310-x86_64-linux-gnu.so
[0.729s] -- Up-to-date: /home/beakhongha/RobotArm/install/team4_msgs/local/lib/python3.10/dist-packages/team4_msgs/team4_msgs_s__rosidl_typesupport_introspection_c.cpython-310-x86_64-linux-gnu.so
[0.730s] -- Up-to-date: /home/beakhongha/RobotArm/install/team4_msgs/local/lib/python3.10/dist-packages/team4_msgs/team4_msgs_s__rosidl_typesupport_c.cpython-310-x86_64-linux-gnu.so
[0.730s] -- Up-to-date: /home/beakhongha/RobotArm/install/team4_msgs/lib/libteam4_msgs__rosidl_generator_py.so
[0.730s] -- Up-to-date: /home/beakhongha/RobotArm/install/team4_msgs/share/team4_msgs/srv/PutOnIcecream.idl
[0.730s] -- Up-to-date: /home/beakhongha/RobotArm/install/team4_msgs/share/team4_msgs/msg/StoragyStatus.idl
[0.731s] -- Up-to-date: /home/beakhongha/RobotArm/install/team4_msgs/share/team4_msgs/srv/PutOnIcecream.srv
[0.731s] -- Up-to-date: /home/beakhongha/RobotArm/install/team4_msgs/share/team4_msgs/srv/PutOnIcecream_Request.msg
[0.731s] -- Up-to-date: /home/beakhongha/RobotArm/install/team4_msgs/share/team4_msgs/srv/PutOnIcecream_Response.msg
[0.731s] -- Up-to-date: /home/beakhongha/RobotArm/install/team4_msgs/share/team4_msgs/msg/StoragyStatus.msg
[0.731s] -- Up-to-date: /home/beakhongha/RobotArm/install/team4_msgs/share/ament_index/resource_index/package_run_dependencies/team4_msgs
[0.731s] -- Up-to-date: /home/beakhongha/RobotArm/install/team4_msgs/share/ament_index/resource_index/parent_prefix_path/team4_msgs
[0.731s] -- Up-to-date: /home/beakhongha/RobotArm/install/team4_msgs/share/team4_msgs/environment/ament_prefix_path.sh
[0.731s] -- Up-to-date: /home/beakhongha/RobotArm/install/team4_msgs/share/team4_msgs/environment/ament_prefix_path.dsv
[0.731s] -- Up-to-date: /home/beakhongha/RobotArm/install/team4_msgs/share/team4_msgs/environment/path.sh
[0.731s] -- Up-to-date: /home/beakhongha/RobotArm/install/team4_msgs/share/team4_msgs/environment/path.dsv
[0.731s] -- Up-to-date: /home/beakhongha/RobotArm/install/team4_msgs/share/team4_msgs/local_setup.bash
[0.731s] -- Up-to-date: /home/beakhongha/RobotArm/install/team4_msgs/share/team4_msgs/local_setup.sh
[0.731s] -- Up-to-date: /home/beakhongha/RobotArm/install/team4_msgs/share/team4_msgs/local_setup.zsh
[0.732s] -- Up-to-date: /home/beakhongha/RobotArm/install/team4_msgs/share/team4_msgs/local_setup.dsv
[0.732s] -- Installing: /home/beakhongha/RobotArm/install/team4_msgs/share/team4_msgs/package.dsv
[0.732s] -- Up-to-date: /home/beakhongha/RobotArm/install/team4_msgs/share/ament_index/resource_index/packages/team4_msgs
[0.732s] -- Up-to-date: /home/beakhongha/RobotArm/install/team4_msgs/share/team4_msgs/cmake/export_team4_msgs__rosidl_generator_cExport.cmake
[0.732s] -- Up-to-date: /home/beakhongha/RobotArm/install/team4_msgs/share/team4_msgs/cmake/export_team4_msgs__rosidl_generator_cExport-noconfig.cmake
[0.732s] -- Up-to-date: /home/beakhongha/RobotArm/install/team4_msgs/share/team4_msgs/cmake/export_team4_msgs__rosidl_typesupport_fastrtps_cExport.cmake
[0.732s] -- Up-to-date: /home/beakhongha/RobotArm/install/team4_msgs/share/team4_msgs/cmake/export_team4_msgs__rosidl_typesupport_fastrtps_cExport-noconfig.cmake
[0.732s] -- Up-to-date: /home/beakhongha/RobotArm/install/team4_msgs/share/team4_msgs/cmake/team4_msgs__rosidl_typesupport_introspection_cExport.cmake
[0.732s] -- Up-to-date: /home/beakhongha/RobotArm/install/team4_msgs/share/team4_msgs/cmake/team4_msgs__rosidl_typesupport_introspection_cExport-noconfig.cmake
[0.732s] -- Up-to-date: /home/beakhongha/RobotArm/install/team4_msgs/share/team4_msgs/cmake/team4_msgs__rosidl_typesupport_cExport.cmake
[0.732s] -- Up-to-date: /home/beakhongha/RobotArm/install/team4_msgs/share/team4_msgs/cmake/team4_msgs__rosidl_typesupport_cExport-noconfig.cmake
[0.732s] -- Up-to-date: /home/beakhongha/RobotArm/install/team4_msgs/share/team4_msgs/cmake/export_team4_msgs__rosidl_generator_cppExport.cmake
[0.732s] -- Up-to-date: /home/beakhongha/RobotArm/install/team4_msgs/share/team4_msgs/cmake/export_team4_msgs__rosidl_typesupport_fastrtps_cppExport.cmake
[0.732s] -- Up-to-date: /home/beakhongha/RobotArm/install/team4_msgs/share/team4_msgs/cmake/export_team4_msgs__rosidl_typesupport_fastrtps_cppExport-noconfig.cmake
[0.732s] -- Up-to-date: /home/beakhongha/RobotArm/install/team4_msgs/share/team4_msgs/cmake/team4_msgs__rosidl_typesupport_introspection_cppExport.cmake
[0.732s] -- Up-to-date: /home/beakhongha/RobotArm/install/team4_msgs/share/team4_msgs/cmake/team4_msgs__rosidl_typesupport_introspection_cppExport-noconfig.cmake
[0.732s] -- Up-to-date: /home/beakhongha/RobotArm/install/team4_msgs/share/team4_msgs/cmake/team4_msgs__rosidl_typesupport_cppExport.cmake
[0.733s] -- Up-to-date: /home/beakhongha/RobotArm/install/team4_msgs/share/team4_msgs/cmake/team4_msgs__rosidl_typesupport_cppExport-noconfig.cmake
[0.733s] -- Up-to-date: /home/beakhongha/RobotArm/install/team4_msgs/share/team4_msgs/cmake/export_team4_msgs__rosidl_generator_pyExport.cmake
[0.733s] -- Up-to-date: /home/beakhongha/RobotArm/install/team4_msgs/share/team4_msgs/cmake/export_team4_msgs__rosidl_generator_pyExport-noconfig.cmake
[0.733s] -- Up-to-date: /home/beakhongha/RobotArm/install/team4_msgs/share/team4_msgs/cmake/rosidl_cmake-extras.cmake
[0.733s] -- Up-to-date: /home/beakhongha/RobotArm/install/team4_msgs/share/team4_msgs/cmake/ament_cmake_export_include_directories-extras.cmake
[0.733s] -- Up-to-date: /home/beakhongha/RobotArm/install/team4_msgs/share/team4_msgs/cmake/ament_cmake_export_libraries-extras.cmake
[0.733s] -- Up-to-date: /home/beakhongha/RobotArm/install/team4_msgs/share/team4_msgs/cmake/ament_cmake_export_targets-extras.cmake
[0.733s] -- Up-to-date: /home/beakhongha/RobotArm/install/team4_msgs/share/team4_msgs/cmake/rosidl_cmake_export_typesupport_targets-extras.cmake
[0.733s] -- Up-to-date: /home/beakhongha/RobotArm/install/team4_msgs/share/team4_msgs/cmake/ament_cmake_export_dependencies-extras.cmake
[0.733s] -- Up-to-date: /home/beakhongha/RobotArm/install/team4_msgs/share/team4_msgs/cmake/rosidl_cmake_export_typesupport_libraries-extras.cmake
[0.733s] -- Up-to-date: /home/beakhongha/RobotArm/install/team4_msgs/share/team4_msgs/cmake/team4_msgsConfig.cmake
[0.733s] -- Up-to-date: /home/beakhongha/RobotArm/install/team4_msgs/share/team4_msgs/cmake/team4_msgsConfig-version.cmake
[0.733s] -- Up-to-date: /home/beakhongha/RobotArm/install/team4_msgs/share/team4_msgs/package.xml
[0.735s] Invoked command in '/home/beakhongha/RobotArm/build/team4_msgs' returned '0': CMAKE_PREFIX_PATH=${CMAKE_PREFIX_PATH}:/home/beakhongha/RobotArm/install/aris_pkg:/opt/ros/humble /usr/bin/cmake --install /home/beakhongha/RobotArm/build/team4_msgs
