[0.901s] Invoking command in '/home/beakhongha/RobotArm/xArm-Python-SDK': PYTHONPATH=/home/beakhongha/RobotArm/build/xArm-Python-SDK/prefix_override:/usr/lib/python3/dist-packages/colcon_core/task/python/colcon_distutils_commands:/home/beakhongha/RobotArm/install/xArm-Python-SDK/lib/python3.10/site-packages:${PYTHONPATH} /usr/bin/python3 -W ignore:setup.py install is deprecated setup.py egg_info --egg-base ../build/xArm-Python-SDK build --build-base /home/beakhongha/RobotArm/build/xArm-Python-SDK/build install --record /home/beakhongha/RobotArm/build/xArm-Python-SDK/install.log --single-version-externally-managed
[0.918s] /home/beakhongha/RobotArm/xArm-Python-SDK/setup.py:10: DeprecationWarning: The distutils package is deprecated and slated for removal in Python 3.12. Use setuptools or check PEP 632 for potential alternatives
[0.918s]   from distutils.util import convert_path
[1.135s] running egg_info
[1.135s] writing ../build/xArm-Python-SDK/xArm_Python_SDK.egg-info/PKG-INFO
[1.135s] writing dependency_links to ../build/xArm-Python-SDK/xArm_Python_SDK.egg-info/dependency_links.txt
[1.136s] writing top-level names to ../build/xArm-Python-SDK/xArm_Python_SDK.egg-info/top_level.txt
[1.137s] reading manifest file '../build/xArm-Python-SDK/xArm_Python_SDK.egg-info/SOURCES.txt'
[1.138s] adding license file 'LICENSE'
[1.138s] writing manifest file '../build/xArm-Python-SDK/xArm_Python_SDK.egg-info/SOURCES.txt'
[1.139s] running build
[1.139s] running build_py
[1.141s] running install
[1.141s] running install_lib
[1.144s] running install_egg_info
[1.146s] removing '/home/beakhongha/RobotArm/install/xArm-Python-SDK/lib/python3.10/site-packages/xArm_Python_SDK-1.13.30-py3.10.egg-info' (and everything under it)
[1.146s] Copying ../build/xArm-Python-SDK/xArm_Python_SDK.egg-info to /home/beakhongha/RobotArm/install/xArm-Python-SDK/lib/python3.10/site-packages/xArm_Python_SDK-1.13.30-py3.10.egg-info
[1.146s] running install_scripts
[1.161s] writing list of installed files to '/home/beakhongha/RobotArm/build/xArm-Python-SDK/install.log'
[1.180s] Invoked command in '/home/beakhongha/RobotArm/xArm-Python-SDK' returned '0': PYTHONPATH=/home/beakhongha/RobotArm/build/xArm-Python-SDK/prefix_override:/usr/lib/python3/dist-packages/colcon_core/task/python/colcon_distutils_commands:/home/beakhongha/RobotArm/install/xArm-Python-SDK/lib/python3.10/site-packages:${PYTHONPATH} /usr/bin/python3 -W ignore:setup.py install is deprecated setup.py egg_info --egg-base ../build/xArm-Python-SDK build --build-base /home/beakhongha/RobotArm/build/xArm-Python-SDK/build install --record /home/beakhongha/RobotArm/build/xArm-Python-SDK/install.log --single-version-externally-managed
