-- The C compiler identification is GNU 11.4.0
-- The CXX compiler identification is GNU 11.4.0
-- Detecting C compiler ABI info
-- Detecting C compiler ABI info - done
-- Check for working C compiler: /usr/bin/cc - skipped
-- Detecting C compile features
-- Detecting C compile features - done
-- Detecting CXX compiler ABI info
-- Detecting CXX compiler ABI info - done
-- Check for working CXX compiler: /usr/bin/c++ - skipped
-- Detecting CXX compile features
-- Detecting CXX compile features - done
-- Found ament_cmake: 1.3.10 (/opt/ros/humble/share/ament_cmake/cmake)
-- Found Python3: /usr/bin/python3 (found version "3.10.12") found components: Interpreter 
-- Found rosidl_default_generators: 1.2.0 (/opt/ros/humble/share/rosidl_default_generators/cmake)
-- Using all available rosidl_typesupport_c: rosidl_typesupport_fastrtps_c;rosidl_typesupport_introspection_c
-- Found rosidl_adapter: 3.1.5 (/opt/ros/humble/share/rosidl_adapter/cmake)
-- Using all available rosidl_typesupport_cpp: rosidl_typesupport_fastrtps_cpp;rosidl_typesupport_introspection_cpp
-- Found ament_cmake_ros: 0.10.0 (/opt/ros/humble/share/ament_cmake_ros/cmake)
-- Using all available rosidl_typesupport_c: rosidl_typesupport_fastrtps_c;rosidl_typesupport_introspection_c
-- Using all available rosidl_typesupport_cpp: rosidl_typesupport_fastrtps_cpp;rosidl_typesupport_introspection_cpp
-- Found PythonInterp: /usr/bin/python3 (found suitable version "3.10.12", minimum required is "3.6") 
-- Found python_cmake_module: 0.10.0 (/opt/ros/humble/share/python_cmake_module/cmake)
-- Found PythonLibs: /usr/lib/x86_64-linux-gnu/libpython3.10.so (found suitable version "3.10.12", minimum required is "3.5") 
-- Using PYTHON_EXECUTABLE: /usr/bin/python3
-- Using PYTHON_INCLUDE_DIRS: /usr/include/python3.10
-- Using PYTHON_LIBRARIES: /usr/lib/x86_64-linux-gnu/libpython3.10.so
-- Found PythonExtra: .so  
-- Found ament_lint_auto: 0.12.11 (/opt/ros/humble/share/ament_lint_auto/cmake)
-- Added test 'lint_cmake' to check CMake code style
-- Added test 'xmllint' to check XML markup files
-- Configuring done
-- Generating done
-- Build files have been written to: /home/beakhongha/RobotArm/build/team4_msgs
[  2%] [34m[1mGenerating C code for ROS interfaces[0m
[  5%] [34m[1mGenerating C++ code for ROS interfaces[0m
[  5%] Built target ament_cmake_python_copy_team4_msgs
[  5%] Built target team4_msgs__cpp
[ 10%] [34m[1mGenerating C++ type support dispatch for ROS interfaces[0m
[ 10%] [34m[1mGenerating C++ introspection for ROS interfaces[0m
[ 12%] [34m[1mGenerating C++ type support for eProsima Fast-RTPS[0m
[ 17%] [32mBuilding C object CMakeFiles/team4_msgs__rosidl_generator_c.dir/rosidl_generator_c/team4_msgs/msg/detail/storagy_status__functions.c.o[0m
[ 17%] [32mBuilding C object CMakeFiles/team4_msgs__rosidl_generator_c.dir/rosidl_generator_c/team4_msgs/srv/detail/put_on_icecream__functions.c.o[0m
running egg_info
creating team4_msgs.egg-info
writing team4_msgs.egg-info/PKG-INFO
writing dependency_links to team4_msgs.egg-info/dependency_links.txt
writing top-level names to team4_msgs.egg-info/top_level.txt
writing manifest file 'team4_msgs.egg-info/SOURCES.txt'
reading manifest file 'team4_msgs.egg-info/SOURCES.txt'
writing manifest file 'team4_msgs.egg-info/SOURCES.txt'
[ 20%] [32m[1mLinking C shared library libteam4_msgs__rosidl_generator_c.so[0m
[ 20%] Built target ament_cmake_python_build_team4_msgs_egg
[ 20%] Built target team4_msgs__rosidl_generator_c
[ 25%] [34m[1mGenerating C introspection for ROS interfaces[0m
[ 25%] [34m[1mGenerating C type support for eProsima Fast-RTPS[0m
[ 28%] [34m[1mGenerating C type support dispatch for ROS interfaces[0m
[ 33%] [32mBuilding CXX object CMakeFiles/team4_msgs__rosidl_typesupport_cpp.dir/rosidl_typesupport_cpp/team4_msgs/msg/storagy_status__type_support.cpp.o[0m
[ 33%] [32mBuilding CXX object CMakeFiles/team4_msgs__rosidl_typesupport_cpp.dir/rosidl_typesupport_cpp/team4_msgs/srv/put_on_icecream__type_support.cpp.o[0m
[ 35%] [32mBuilding CXX object CMakeFiles/team4_msgs__rosidl_typesupport_introspection_cpp.dir/rosidl_typesupport_introspection_cpp/team4_msgs/msg/detail/storagy_status__type_support.cpp.o[0m
[ 38%] [32mBuilding CXX object CMakeFiles/team4_msgs__rosidl_typesupport_introspection_cpp.dir/rosidl_typesupport_introspection_cpp/team4_msgs/srv/detail/put_on_icecream__type_support.cpp.o[0m
[ 41%] [32mBuilding CXX object CMakeFiles/team4_msgs__rosidl_typesupport_fastrtps_cpp.dir/rosidl_typesupport_fastrtps_cpp/team4_msgs/srv/detail/dds_fastrtps/put_on_icecream__type_support.cpp.o[0m
[ 43%] [32mBuilding CXX object CMakeFiles/team4_msgs__rosidl_typesupport_fastrtps_cpp.dir/rosidl_typesupport_fastrtps_cpp/team4_msgs/msg/detail/dds_fastrtps/storagy_status__type_support.cpp.o[0m
[ 46%] [32mBuilding CXX object CMakeFiles/team4_msgs__rosidl_typesupport_c.dir/rosidl_typesupport_c/team4_msgs/srv/put_on_icecream__type_support.cpp.o[0m
[ 48%] [32mBuilding CXX object CMakeFiles/team4_msgs__rosidl_typesupport_c.dir/rosidl_typesupport_c/team4_msgs/msg/storagy_status__type_support.cpp.o[0m
[ 51%] [32mBuilding CXX object CMakeFiles/team4_msgs__rosidl_typesupport_fastrtps_c.dir/rosidl_typesupport_fastrtps_c/team4_msgs/srv/detail/put_on_icecream__type_support_c.cpp.o[0m
[ 53%] [32mBuilding CXX object CMakeFiles/team4_msgs__rosidl_typesupport_fastrtps_c.dir/rosidl_typesupport_fastrtps_c/team4_msgs/msg/detail/storagy_status__type_support_c.cpp.o[0m
[ 56%] [32mBuilding C object CMakeFiles/team4_msgs__rosidl_typesupport_introspection_c.dir/rosidl_typesupport_introspection_c/team4_msgs/srv/detail/put_on_icecream__type_support.c.o[0m
[ 58%] [32mBuilding C object CMakeFiles/team4_msgs__rosidl_typesupport_introspection_c.dir/rosidl_typesupport_introspection_c/team4_msgs/msg/detail/storagy_status__type_support.c.o[0m
[ 61%] [32m[1mLinking CXX shared library libteam4_msgs__rosidl_typesupport_c.so[0m
[ 64%] [32m[1mLinking C shared library libteam4_msgs__rosidl_typesupport_introspection_c.so[0m
[ 64%] Built target team4_msgs__rosidl_typesupport_c
[ 64%] Built target team4_msgs__rosidl_typesupport_introspection_c
[ 66%] [32m[1mLinking CXX shared library libteam4_msgs__rosidl_typesupport_cpp.so[0m
[ 66%] Built target team4_msgs__rosidl_typesupport_cpp
[ 69%] [32m[1mLinking CXX shared library libteam4_msgs__rosidl_typesupport_fastrtps_cpp.so[0m
[ 71%] [32m[1mLinking CXX shared library libteam4_msgs__rosidl_typesupport_introspection_cpp.so[0m
[ 74%] [32m[1mLinking CXX shared library libteam4_msgs__rosidl_typesupport_fastrtps_c.so[0m
[ 74%] Built target team4_msgs__rosidl_typesupport_fastrtps_cpp
[ 74%] Built target team4_msgs__rosidl_typesupport_introspection_cpp
[ 74%] Built target team4_msgs__rosidl_typesupport_fastrtps_c
[ 74%] Built target team4_msgs
[ 76%] [34m[1mGenerating Python code for ROS interfaces[0m
[ 76%] Built target team4_msgs__py
[ 82%] [32mBuilding C object CMakeFiles/team4_msgs__rosidl_generator_py.dir/rosidl_generator_py/team4_msgs/srv/_put_on_icecream_s.c.o[0m
[ 82%] [32mBuilding C object CMakeFiles/team4_msgs__rosidl_generator_py.dir/rosidl_generator_py/team4_msgs/msg/_storagy_status_s.c.o[0m
[ 84%] [32m[1mLinking C shared library rosidl_generator_py/team4_msgs/libteam4_msgs__rosidl_generator_py.so[0m
[ 84%] Built target team4_msgs__rosidl_generator_py
[ 89%] [32mBuilding C object CMakeFiles/team4_msgs__rosidl_typesupport_fastrtps_c__pyext.dir/rosidl_generator_py/team4_msgs/_team4_msgs_s.ep.rosidl_typesupport_fastrtps_c.c.o[0m
[ 89%] [32mBuilding C object CMakeFiles/team4_msgs__rosidl_typesupport_introspection_c__pyext.dir/rosidl_generator_py/team4_msgs/_team4_msgs_s.ep.rosidl_typesupport_introspection_c.c.o[0m
[ 92%] [32mBuilding C object CMakeFiles/team4_msgs__rosidl_typesupport_c__pyext.dir/rosidl_generator_py/team4_msgs/_team4_msgs_s.ep.rosidl_typesupport_c.c.o[0m
[ 97%] [32m[1mLinking C shared library rosidl_generator_py/team4_msgs/team4_msgs_s__rosidl_typesupport_introspection_c.cpython-310-x86_64-linux-gnu.so[0m
[ 97%] [32m[1mLinking C shared library rosidl_generator_py/team4_msgs/team4_msgs_s__rosidl_typesupport_c.cpython-310-x86_64-linux-gnu.so[0m
[100%] [32m[1mLinking C shared library rosidl_generator_py/team4_msgs/team4_msgs_s__rosidl_typesupport_fastrtps_c.cpython-310-x86_64-linux-gnu.so[0m
[100%] Built target team4_msgs__rosidl_typesupport_c__pyext
[100%] Built target team4_msgs__rosidl_typesupport_introspection_c__pyext
[100%] Built target team4_msgs__rosidl_typesupport_fastrtps_c__pyext
-- Install configuration: ""
-- Installing: /home/beakhongha/RobotArm/install/team4_msgs/share/ament_index/resource_index/rosidl_interfaces/team4_msgs
-- Installing: /home/beakhongha/RobotArm/install/team4_msgs/include/team4_msgs/team4_msgs
-- Installing: /home/beakhongha/RobotArm/install/team4_msgs/include/team4_msgs/team4_msgs/srv
-- Installing: /home/beakhongha/RobotArm/install/team4_msgs/include/team4_msgs/team4_msgs/srv/detail
-- Installing: /home/beakhongha/RobotArm/install/team4_msgs/include/team4_msgs/team4_msgs/srv/detail/put_on_icecream__functions.h
-- Installing: /home/beakhongha/RobotArm/install/team4_msgs/include/team4_msgs/team4_msgs/srv/detail/put_on_icecream__struct.h
-- Installing: /home/beakhongha/RobotArm/install/team4_msgs/include/team4_msgs/team4_msgs/srv/detail/put_on_icecream__functions.c
-- Installing: /home/beakhongha/RobotArm/install/team4_msgs/include/team4_msgs/team4_msgs/srv/detail/put_on_icecream__type_support.h
-- Installing: /home/beakhongha/RobotArm/install/team4_msgs/include/team4_msgs/team4_msgs/srv/put_on_icecream.h
-- Installing: /home/beakhongha/RobotArm/install/team4_msgs/include/team4_msgs/team4_msgs/msg
-- Installing: /home/beakhongha/RobotArm/install/team4_msgs/include/team4_msgs/team4_msgs/msg/detail
-- Installing: /home/beakhongha/RobotArm/install/team4_msgs/include/team4_msgs/team4_msgs/msg/detail/storagy_status__functions.h
-- Installing: /home/beakhongha/RobotArm/install/team4_msgs/include/team4_msgs/team4_msgs/msg/detail/storagy_status__struct.h
-- Installing: /home/beakhongha/RobotArm/install/team4_msgs/include/team4_msgs/team4_msgs/msg/detail/storagy_status__type_support.h
-- Installing: /home/beakhongha/RobotArm/install/team4_msgs/include/team4_msgs/team4_msgs/msg/detail/storagy_status__functions.c
-- Installing: /home/beakhongha/RobotArm/install/team4_msgs/include/team4_msgs/team4_msgs/msg/storagy_status.h
-- Installing: /home/beakhongha/RobotArm/install/team4_msgs/include/team4_msgs/team4_msgs/msg/rosidl_generator_c__visibility_control.h
-- Installing: /home/beakhongha/RobotArm/install/team4_msgs/share/team4_msgs/environment/library_path.sh
-- Installing: /home/beakhongha/RobotArm/install/team4_msgs/share/team4_msgs/environment/library_path.dsv
-- Installing: /home/beakhongha/RobotArm/install/team4_msgs/lib/libteam4_msgs__rosidl_generator_c.so
-- Set runtime path of "/home/beakhongha/RobotArm/install/team4_msgs/lib/libteam4_msgs__rosidl_generator_c.so" to ""
-- Up-to-date: /home/beakhongha/RobotArm/install/team4_msgs/include/team4_msgs/team4_msgs
-- Up-to-date: /home/beakhongha/RobotArm/install/team4_msgs/include/team4_msgs/team4_msgs/srv
-- Up-to-date: /home/beakhongha/RobotArm/install/team4_msgs/include/team4_msgs/team4_msgs/srv/detail
-- Installing: /home/beakhongha/RobotArm/install/team4_msgs/include/team4_msgs/team4_msgs/srv/detail/put_on_icecream__rosidl_typesupport_fastrtps_c.h
-- Up-to-date: /home/beakhongha/RobotArm/install/team4_msgs/include/team4_msgs/team4_msgs/msg
-- Installing: /home/beakhongha/RobotArm/install/team4_msgs/include/team4_msgs/team4_msgs/msg/rosidl_typesupport_fastrtps_c__visibility_control.h
-- Up-to-date: /home/beakhongha/RobotArm/install/team4_msgs/include/team4_msgs/team4_msgs/msg/detail
-- Installing: /home/beakhongha/RobotArm/install/team4_msgs/include/team4_msgs/team4_msgs/msg/detail/storagy_status__rosidl_typesupport_fastrtps_c.h
-- Installing: /home/beakhongha/RobotArm/install/team4_msgs/lib/libteam4_msgs__rosidl_typesupport_fastrtps_c.so
-- Set runtime path of "/home/beakhongha/RobotArm/install/team4_msgs/lib/libteam4_msgs__rosidl_typesupport_fastrtps_c.so" to ""
-- Up-to-date: /home/beakhongha/RobotArm/install/team4_msgs/include/team4_msgs/team4_msgs
-- Up-to-date: /home/beakhongha/RobotArm/install/team4_msgs/include/team4_msgs/team4_msgs/srv
-- Up-to-date: /home/beakhongha/RobotArm/install/team4_msgs/include/team4_msgs/team4_msgs/srv/detail
-- Installing: /home/beakhongha/RobotArm/install/team4_msgs/include/team4_msgs/team4_msgs/srv/detail/put_on_icecream__type_support.c
-- Installing: /home/beakhongha/RobotArm/install/team4_msgs/include/team4_msgs/team4_msgs/srv/detail/put_on_icecream__rosidl_typesupport_introspection_c.h
-- Up-to-date: /home/beakhongha/RobotArm/install/team4_msgs/include/team4_msgs/team4_msgs/msg
-- Up-to-date: /home/beakhongha/RobotArm/install/team4_msgs/include/team4_msgs/team4_msgs/msg/detail
-- Installing: /home/beakhongha/RobotArm/install/team4_msgs/include/team4_msgs/team4_msgs/msg/detail/storagy_status__rosidl_typesupport_introspection_c.h
-- Installing: /home/beakhongha/RobotArm/install/team4_msgs/include/team4_msgs/team4_msgs/msg/detail/storagy_status__type_support.c
-- Installing: /home/beakhongha/RobotArm/install/team4_msgs/include/team4_msgs/team4_msgs/msg/rosidl_typesupport_introspection_c__visibility_control.h
-- Installing: /home/beakhongha/RobotArm/install/team4_msgs/lib/libteam4_msgs__rosidl_typesupport_introspection_c.so
-- Set runtime path of "/home/beakhongha/RobotArm/install/team4_msgs/lib/libteam4_msgs__rosidl_typesupport_introspection_c.so" to ""
-- Installing: /home/beakhongha/RobotArm/install/team4_msgs/lib/libteam4_msgs__rosidl_typesupport_c.so
-- Set runtime path of "/home/beakhongha/RobotArm/install/team4_msgs/lib/libteam4_msgs__rosidl_typesupport_c.so" to ""
-- Up-to-date: /home/beakhongha/RobotArm/install/team4_msgs/include/team4_msgs/team4_msgs
-- Up-to-date: /home/beakhongha/RobotArm/install/team4_msgs/include/team4_msgs/team4_msgs/srv
-- Installing: /home/beakhongha/RobotArm/install/team4_msgs/include/team4_msgs/team4_msgs/srv/put_on_icecream.hpp
-- Up-to-date: /home/beakhongha/RobotArm/install/team4_msgs/include/team4_msgs/team4_msgs/srv/detail
-- Installing: /home/beakhongha/RobotArm/install/team4_msgs/include/team4_msgs/team4_msgs/srv/detail/put_on_icecream__struct.hpp
-- Installing: /home/beakhongha/RobotArm/install/team4_msgs/include/team4_msgs/team4_msgs/srv/detail/put_on_icecream__traits.hpp
-- Installing: /home/beakhongha/RobotArm/install/team4_msgs/include/team4_msgs/team4_msgs/srv/detail/put_on_icecream__builder.hpp
-- Up-to-date: /home/beakhongha/RobotArm/install/team4_msgs/include/team4_msgs/team4_msgs/msg
-- Installing: /home/beakhongha/RobotArm/install/team4_msgs/include/team4_msgs/team4_msgs/msg/storagy_status.hpp
-- Up-to-date: /home/beakhongha/RobotArm/install/team4_msgs/include/team4_msgs/team4_msgs/msg/detail
-- Installing: /home/beakhongha/RobotArm/install/team4_msgs/include/team4_msgs/team4_msgs/msg/detail/storagy_status__traits.hpp
-- Installing: /home/beakhongha/RobotArm/install/team4_msgs/include/team4_msgs/team4_msgs/msg/detail/storagy_status__struct.hpp
-- Installing: /home/beakhongha/RobotArm/install/team4_msgs/include/team4_msgs/team4_msgs/msg/detail/storagy_status__builder.hpp
-- Up-to-date: /home/beakhongha/RobotArm/install/team4_msgs/include/team4_msgs/team4_msgs
-- Up-to-date: /home/beakhongha/RobotArm/install/team4_msgs/include/team4_msgs/team4_msgs/srv
-- Up-to-date: /home/beakhongha/RobotArm/install/team4_msgs/include/team4_msgs/team4_msgs/srv/detail
-- Installing: /home/beakhongha/RobotArm/install/team4_msgs/include/team4_msgs/team4_msgs/srv/detail/dds_fastrtps
-- Installing: /home/beakhongha/RobotArm/install/team4_msgs/include/team4_msgs/team4_msgs/srv/detail/put_on_icecream__rosidl_typesupport_fastrtps_cpp.hpp
-- Up-to-date: /home/beakhongha/RobotArm/install/team4_msgs/include/team4_msgs/team4_msgs/msg
-- Up-to-date: /home/beakhongha/RobotArm/install/team4_msgs/include/team4_msgs/team4_msgs/msg/detail
-- Installing: /home/beakhongha/RobotArm/install/team4_msgs/include/team4_msgs/team4_msgs/msg/detail/dds_fastrtps
-- Installing: /home/beakhongha/RobotArm/install/team4_msgs/include/team4_msgs/team4_msgs/msg/detail/storagy_status__rosidl_typesupport_fastrtps_cpp.hpp
-- Installing: /home/beakhongha/RobotArm/install/team4_msgs/include/team4_msgs/team4_msgs/msg/rosidl_typesupport_fastrtps_cpp__visibility_control.h
-- Installing: /home/beakhongha/RobotArm/install/team4_msgs/lib/libteam4_msgs__rosidl_typesupport_fastrtps_cpp.so
-- Set runtime path of "/home/beakhongha/RobotArm/install/team4_msgs/lib/libteam4_msgs__rosidl_typesupport_fastrtps_cpp.so" to ""
-- Up-to-date: /home/beakhongha/RobotArm/install/team4_msgs/include/team4_msgs/team4_msgs
-- Up-to-date: /home/beakhongha/RobotArm/install/team4_msgs/include/team4_msgs/team4_msgs/srv
-- Up-to-date: /home/beakhongha/RobotArm/install/team4_msgs/include/team4_msgs/team4_msgs/srv/detail
-- Installing: /home/beakhongha/RobotArm/install/team4_msgs/include/team4_msgs/team4_msgs/srv/detail/put_on_icecream__rosidl_typesupport_introspection_cpp.hpp
-- Installing: /home/beakhongha/RobotArm/install/team4_msgs/include/team4_msgs/team4_msgs/srv/detail/put_on_icecream__type_support.cpp
-- Up-to-date: /home/beakhongha/RobotArm/install/team4_msgs/include/team4_msgs/team4_msgs/msg
-- Up-to-date: /home/beakhongha/RobotArm/install/team4_msgs/include/team4_msgs/team4_msgs/msg/detail
-- Installing: /home/beakhongha/RobotArm/install/team4_msgs/include/team4_msgs/team4_msgs/msg/detail/storagy_status__type_support.cpp
-- Installing: /home/beakhongha/RobotArm/install/team4_msgs/include/team4_msgs/team4_msgs/msg/detail/storagy_status__rosidl_typesupport_introspection_cpp.hpp
-- Installing: /home/beakhongha/RobotArm/install/team4_msgs/lib/libteam4_msgs__rosidl_typesupport_introspection_cpp.so
-- Set runtime path of "/home/beakhongha/RobotArm/install/team4_msgs/lib/libteam4_msgs__rosidl_typesupport_introspection_cpp.so" to ""
-- Installing: /home/beakhongha/RobotArm/install/team4_msgs/lib/libteam4_msgs__rosidl_typesupport_cpp.so
-- Set runtime path of "/home/beakhongha/RobotArm/install/team4_msgs/lib/libteam4_msgs__rosidl_typesupport_cpp.so" to ""
-- Installing: /home/beakhongha/RobotArm/install/team4_msgs/share/team4_msgs/environment/pythonpath.sh
-- Installing: /home/beakhongha/RobotArm/install/team4_msgs/share/team4_msgs/environment/pythonpath.dsv
-- Installing: /home/beakhongha/RobotArm/install/team4_msgs/local/lib/python3.10/dist-packages/team4_msgs-0.0.0-py3.10.egg-info
-- Installing: /home/beakhongha/RobotArm/install/team4_msgs/local/lib/python3.10/dist-packages/team4_msgs-0.0.0-py3.10.egg-info/top_level.txt
-- Installing: /home/beakhongha/RobotArm/install/team4_msgs/local/lib/python3.10/dist-packages/team4_msgs-0.0.0-py3.10.egg-info/SOURCES.txt
-- Installing: /home/beakhongha/RobotArm/install/team4_msgs/local/lib/python3.10/dist-packages/team4_msgs-0.0.0-py3.10.egg-info/PKG-INFO
-- Installing: /home/beakhongha/RobotArm/install/team4_msgs/local/lib/python3.10/dist-packages/team4_msgs-0.0.0-py3.10.egg-info/dependency_links.txt
-- Installing: /home/beakhongha/RobotArm/install/team4_msgs/local/lib/python3.10/dist-packages/team4_msgs
-- Installing: /home/beakhongha/RobotArm/install/team4_msgs/local/lib/python3.10/dist-packages/team4_msgs/__init__.py
-- Installing: /home/beakhongha/RobotArm/install/team4_msgs/local/lib/python3.10/dist-packages/team4_msgs/srv
-- Installing: /home/beakhongha/RobotArm/install/team4_msgs/local/lib/python3.10/dist-packages/team4_msgs/srv/__init__.py
-- Installing: /home/beakhongha/RobotArm/install/team4_msgs/local/lib/python3.10/dist-packages/team4_msgs/srv/_put_on_icecream.py
-- Installing: /home/beakhongha/RobotArm/install/team4_msgs/local/lib/python3.10/dist-packages/team4_msgs/srv/_put_on_icecream_s.c
-- Installing: /home/beakhongha/RobotArm/install/team4_msgs/local/lib/python3.10/dist-packages/team4_msgs/team4_msgs_s__rosidl_typesupport_introspection_c.cpython-310-x86_64-linux-gnu.so
-- Installing: /home/beakhongha/RobotArm/install/team4_msgs/local/lib/python3.10/dist-packages/team4_msgs/_team4_msgs_s.ep.rosidl_typesupport_fastrtps_c.c
-- Installing: /home/beakhongha/RobotArm/install/team4_msgs/local/lib/python3.10/dist-packages/team4_msgs/team4_msgs_s__rosidl_typesupport_c.cpython-310-x86_64-linux-gnu.so
-- Installing: /home/beakhongha/RobotArm/install/team4_msgs/local/lib/python3.10/dist-packages/team4_msgs/team4_msgs_s__rosidl_typesupport_fastrtps_c.cpython-310-x86_64-linux-gnu.so
-- Installing: /home/beakhongha/RobotArm/install/team4_msgs/local/lib/python3.10/dist-packages/team4_msgs/libteam4_msgs__rosidl_generator_py.so
-- Installing: /home/beakhongha/RobotArm/install/team4_msgs/local/lib/python3.10/dist-packages/team4_msgs/_team4_msgs_s.ep.rosidl_typesupport_introspection_c.c
-- Installing: /home/beakhongha/RobotArm/install/team4_msgs/local/lib/python3.10/dist-packages/team4_msgs/msg
-- Installing: /home/beakhongha/RobotArm/install/team4_msgs/local/lib/python3.10/dist-packages/team4_msgs/msg/_storagy_status_s.c
-- Installing: /home/beakhongha/RobotArm/install/team4_msgs/local/lib/python3.10/dist-packages/team4_msgs/msg/__init__.py
-- Installing: /home/beakhongha/RobotArm/install/team4_msgs/local/lib/python3.10/dist-packages/team4_msgs/msg/_storagy_status.py
-- Installing: /home/beakhongha/RobotArm/install/team4_msgs/local/lib/python3.10/dist-packages/team4_msgs/_team4_msgs_s.ep.rosidl_typesupport_c.c
Listing '/home/beakhongha/RobotArm/install/team4_msgs/local/lib/python3.10/dist-packages/team4_msgs'...
Compiling '/home/beakhongha/RobotArm/install/team4_msgs/local/lib/python3.10/dist-packages/team4_msgs/__init__.py'...
Listing '/home/beakhongha/RobotArm/install/team4_msgs/local/lib/python3.10/dist-packages/team4_msgs/msg'...
Compiling '/home/beakhongha/RobotArm/install/team4_msgs/local/lib/python3.10/dist-packages/team4_msgs/msg/__init__.py'...
Compiling '/home/beakhongha/RobotArm/install/team4_msgs/local/lib/python3.10/dist-packages/team4_msgs/msg/_storagy_status.py'...
Listing '/home/beakhongha/RobotArm/install/team4_msgs/local/lib/python3.10/dist-packages/team4_msgs/srv'...
Compiling '/home/beakhongha/RobotArm/install/team4_msgs/local/lib/python3.10/dist-packages/team4_msgs/srv/__init__.py'...
Compiling '/home/beakhongha/RobotArm/install/team4_msgs/local/lib/python3.10/dist-packages/team4_msgs/srv/_put_on_icecream.py'...
-- Installing: /home/beakhongha/RobotArm/install/team4_msgs/local/lib/python3.10/dist-packages/team4_msgs/team4_msgs_s__rosidl_typesupport_fastrtps_c.cpython-310-x86_64-linux-gnu.so
-- Set runtime path of "/home/beakhongha/RobotArm/install/team4_msgs/local/lib/python3.10/dist-packages/team4_msgs/team4_msgs_s__rosidl_typesupport_fastrtps_c.cpython-310-x86_64-linux-gnu.so" to ""
-- Installing: /home/beakhongha/RobotArm/install/team4_msgs/local/lib/python3.10/dist-packages/team4_msgs/team4_msgs_s__rosidl_typesupport_introspection_c.cpython-310-x86_64-linux-gnu.so
-- Set runtime path of "/home/beakhongha/RobotArm/install/team4_msgs/local/lib/python3.10/dist-packages/team4_msgs/team4_msgs_s__rosidl_typesupport_introspection_c.cpython-310-x86_64-linux-gnu.so" to ""
-- Installing: /home/beakhongha/RobotArm/install/team4_msgs/local/lib/python3.10/dist-packages/team4_msgs/team4_msgs_s__rosidl_typesupport_c.cpython-310-x86_64-linux-gnu.so
-- Set runtime path of "/home/beakhongha/RobotArm/install/team4_msgs/local/lib/python3.10/dist-packages/team4_msgs/team4_msgs_s__rosidl_typesupport_c.cpython-310-x86_64-linux-gnu.so" to ""
-- Installing: /home/beakhongha/RobotArm/install/team4_msgs/lib/libteam4_msgs__rosidl_generator_py.so
-- Set runtime path of "/home/beakhongha/RobotArm/install/team4_msgs/lib/libteam4_msgs__rosidl_generator_py.so" to ""
-- Installing: /home/beakhongha/RobotArm/install/team4_msgs/share/team4_msgs/srv/PutOnIcecream.idl
-- Installing: /home/beakhongha/RobotArm/install/team4_msgs/share/team4_msgs/msg/StoragyStatus.idl
-- Installing: /home/beakhongha/RobotArm/install/team4_msgs/share/team4_msgs/srv/PutOnIcecream.srv
-- Installing: /home/beakhongha/RobotArm/install/team4_msgs/share/team4_msgs/srv/PutOnIcecream_Request.msg
-- Installing: /home/beakhongha/RobotArm/install/team4_msgs/share/team4_msgs/srv/PutOnIcecream_Response.msg
-- Installing: /home/beakhongha/RobotArm/install/team4_msgs/share/team4_msgs/msg/StoragyStatus.msg
-- Installing: /home/beakhongha/RobotArm/install/team4_msgs/share/ament_index/resource_index/package_run_dependencies/team4_msgs
-- Installing: /home/beakhongha/RobotArm/install/team4_msgs/share/ament_index/resource_index/parent_prefix_path/team4_msgs
-- Installing: /home/beakhongha/RobotArm/install/team4_msgs/share/team4_msgs/environment/ament_prefix_path.sh
-- Installing: /home/beakhongha/RobotArm/install/team4_msgs/share/team4_msgs/environment/ament_prefix_path.dsv
-- Installing: /home/beakhongha/RobotArm/install/team4_msgs/share/team4_msgs/environment/path.sh
-- Installing: /home/beakhongha/RobotArm/install/team4_msgs/share/team4_msgs/environment/path.dsv
-- Installing: /home/beakhongha/RobotArm/install/team4_msgs/share/team4_msgs/local_setup.bash
-- Installing: /home/beakhongha/RobotArm/install/team4_msgs/share/team4_msgs/local_setup.sh
-- Installing: /home/beakhongha/RobotArm/install/team4_msgs/share/team4_msgs/local_setup.zsh
-- Installing: /home/beakhongha/RobotArm/install/team4_msgs/share/team4_msgs/local_setup.dsv
-- Installing: /home/beakhongha/RobotArm/install/team4_msgs/share/team4_msgs/package.dsv
-- Installing: /home/beakhongha/RobotArm/install/team4_msgs/share/ament_index/resource_index/packages/team4_msgs
-- Installing: /home/beakhongha/RobotArm/install/team4_msgs/share/team4_msgs/cmake/export_team4_msgs__rosidl_generator_cExport.cmake
-- Installing: /home/beakhongha/RobotArm/install/team4_msgs/share/team4_msgs/cmake/export_team4_msgs__rosidl_generator_cExport-noconfig.cmake
-- Installing: /home/beakhongha/RobotArm/install/team4_msgs/share/team4_msgs/cmake/export_team4_msgs__rosidl_typesupport_fastrtps_cExport.cmake
-- Installing: /home/beakhongha/RobotArm/install/team4_msgs/share/team4_msgs/cmake/export_team4_msgs__rosidl_typesupport_fastrtps_cExport-noconfig.cmake
-- Installing: /home/beakhongha/RobotArm/install/team4_msgs/share/team4_msgs/cmake/team4_msgs__rosidl_typesupport_introspection_cExport.cmake
-- Installing: /home/beakhongha/RobotArm/install/team4_msgs/share/team4_msgs/cmake/team4_msgs__rosidl_typesupport_introspection_cExport-noconfig.cmake
-- Installing: /home/beakhongha/RobotArm/install/team4_msgs/share/team4_msgs/cmake/team4_msgs__rosidl_typesupport_cExport.cmake
-- Installing: /home/beakhongha/RobotArm/install/team4_msgs/share/team4_msgs/cmake/team4_msgs__rosidl_typesupport_cExport-noconfig.cmake
-- Installing: /home/beakhongha/RobotArm/install/team4_msgs/share/team4_msgs/cmake/export_team4_msgs__rosidl_generator_cppExport.cmake
-- Installing: /home/beakhongha/RobotArm/install/team4_msgs/share/team4_msgs/cmake/export_team4_msgs__rosidl_typesupport_fastrtps_cppExport.cmake
-- Installing: /home/beakhongha/RobotArm/install/team4_msgs/share/team4_msgs/cmake/export_team4_msgs__rosidl_typesupport_fastrtps_cppExport-noconfig.cmake
-- Installing: /home/beakhongha/RobotArm/install/team4_msgs/share/team4_msgs/cmake/team4_msgs__rosidl_typesupport_introspection_cppExport.cmake
-- Installing: /home/beakhongha/RobotArm/install/team4_msgs/share/team4_msgs/cmake/team4_msgs__rosidl_typesupport_introspection_cppExport-noconfig.cmake
-- Installing: /home/beakhongha/RobotArm/install/team4_msgs/share/team4_msgs/cmake/team4_msgs__rosidl_typesupport_cppExport.cmake
-- Installing: /home/beakhongha/RobotArm/install/team4_msgs/share/team4_msgs/cmake/team4_msgs__rosidl_typesupport_cppExport-noconfig.cmake
-- Installing: /home/beakhongha/RobotArm/install/team4_msgs/share/team4_msgs/cmake/export_team4_msgs__rosidl_generator_pyExport.cmake
-- Installing: /home/beakhongha/RobotArm/install/team4_msgs/share/team4_msgs/cmake/export_team4_msgs__rosidl_generator_pyExport-noconfig.cmake
-- Installing: /home/beakhongha/RobotArm/install/team4_msgs/share/team4_msgs/cmake/rosidl_cmake-extras.cmake
-- Installing: /home/beakhongha/RobotArm/install/team4_msgs/share/team4_msgs/cmake/ament_cmake_export_include_directories-extras.cmake
-- Installing: /home/beakhongha/RobotArm/install/team4_msgs/share/team4_msgs/cmake/ament_cmake_export_libraries-extras.cmake
-- Installing: /home/beakhongha/RobotArm/install/team4_msgs/share/team4_msgs/cmake/ament_cmake_export_targets-extras.cmake
-- Installing: /home/beakhongha/RobotArm/install/team4_msgs/share/team4_msgs/cmake/rosidl_cmake_export_typesupport_targets-extras.cmake
-- Installing: /home/beakhongha/RobotArm/install/team4_msgs/share/team4_msgs/cmake/ament_cmake_export_dependencies-extras.cmake
-- Installing: /home/beakhongha/RobotArm/install/team4_msgs/share/team4_msgs/cmake/rosidl_cmake_export_typesupport_libraries-extras.cmake
-- Installing: /home/beakhongha/RobotArm/install/team4_msgs/share/team4_msgs/cmake/team4_msgsConfig.cmake
-- Installing: /home/beakhongha/RobotArm/install/team4_msgs/share/team4_msgs/cmake/team4_msgsConfig-version.cmake
-- Installing: /home/beakhongha/RobotArm/install/team4_msgs/share/team4_msgs/package.xml
