[0.013s] Invoking command in '/home/beakhongha/RobotArm/build/team4_msgs': CMAKE_PREFIX_PATH=/opt/ros/humble /usr/bin/cmake /home/beakhongha/RobotArm/team4_msgs -DCMAKE_INSTALL_PREFIX=/home/beakhongha/RobotArm/install/team4_msgs
[0.210s] -- The C compiler identification is GNU 11.4.0
[0.327s] -- The CXX compiler identification is GNU 11.4.0
[0.342s] -- Detecting C compiler ABI info
[0.441s] -- Detecting C compiler ABI info - done
[0.448s] -- Check for working C compiler: /usr/bin/cc - skipped
[0.448s] -- Detecting C compile features
[0.449s] -- Detecting C compile features - done
[0.453s] -- Detecting CXX compiler ABI info
[0.559s] -- Detecting CXX compiler ABI info - done
[0.566s] -- Check for working CXX compiler: /usr/bin/c++ - skipped
[0.566s] -- Detecting CXX compile features
[0.567s] -- Detecting CXX compile features - done
[0.574s] -- Found ament_cmake: 1.3.10 (/opt/ros/humble/share/ament_cmake/cmake)
[0.778s] -- Found Python3: /usr/bin/python3 (found version "3.10.12") found components: Interpreter 
[0.901s] -- Found rosidl_default_generators: 1.2.0 (/opt/ros/humble/share/rosidl_default_generators/cmake)
[0.906s] -- Using all available rosidl_typesupport_c: rosidl_typesupport_fastrtps_c;rosidl_typesupport_introspection_c
[0.917s] -- Found rosidl_adapter: 3.1.5 (/opt/ros/humble/share/rosidl_adapter/cmake)
[0.980s] -- Using all available rosidl_typesupport_cpp: rosidl_typesupport_fastrtps_cpp;rosidl_typesupport_introspection_cpp
[1.319s] -- Found ament_cmake_ros: 0.10.0 (/opt/ros/humble/share/ament_cmake_ros/cmake)
[1.496s] -- Using all available rosidl_typesupport_c: rosidl_typesupport_fastrtps_c;rosidl_typesupport_introspection_c
[1.701s] -- Using all available rosidl_typesupport_cpp: rosidl_typesupport_fastrtps_cpp;rosidl_typesupport_introspection_cpp
[1.724s] -- Found PythonInterp: /usr/bin/python3 (found suitable version "3.10.12", minimum required is "3.6") 
[1.726s] -- Found python_cmake_module: 0.10.0 (/opt/ros/humble/share/python_cmake_module/cmake)
[1.753s] -- Found PythonLibs: /usr/lib/x86_64-linux-gnu/libpython3.10.so (found suitable version "3.10.12", minimum required is "3.5") 
[1.753s] -- Using PYTHON_EXECUTABLE: /usr/bin/python3
[1.753s] -- Using PYTHON_INCLUDE_DIRS: /usr/include/python3.10
[1.753s] -- Using PYTHON_LIBRARIES: /usr/lib/x86_64-linux-gnu/libpython3.10.so
[1.774s] -- Found PythonExtra: .so  
[1.805s] -- Found ament_lint_auto: 0.12.11 (/opt/ros/humble/share/ament_lint_auto/cmake)
[1.827s] -- Added test 'lint_cmake' to check CMake code style
[1.828s] -- Added test 'xmllint' to check XML markup files
[1.830s] -- Configuring done
[1.854s] -- Generating done
[1.856s] -- Build files have been written to: /home/beakhongha/RobotArm/build/team4_msgs
[1.863s] Invoked command in '/home/beakhongha/RobotArm/build/team4_msgs' returned '0': CMAKE_PREFIX_PATH=/opt/ros/humble /usr/bin/cmake /home/beakhongha/RobotArm/team4_msgs -DCMAKE_INSTALL_PREFIX=/home/beakhongha/RobotArm/install/team4_msgs
[1.864s] Invoking command in '/home/beakhongha/RobotArm/build/team4_msgs': CMAKE_PREFIX_PATH=/opt/ros/humble /usr/bin/cmake --build /home/beakhongha/RobotArm/build/team4_msgs -- -j16 -l16
[1.899s] [  2%] [34m[1mGenerating C code for ROS interfaces[0m
[1.908s] [  5%] [34m[1mGenerating C++ code for ROS interfaces[0m
[1.918s] [  5%] Built target ament_cmake_python_copy_team4_msgs
[2.162s] [  5%] Built target team4_msgs__cpp
[2.172s] [ 10%] [34m[1mGenerating C++ type support dispatch for ROS interfaces[0m
[2.172s] [ 10%] [34m[1mGenerating C++ introspection for ROS interfaces[0m
[2.173s] [ 12%] [34m[1mGenerating C++ type support for eProsima Fast-RTPS[0m
[2.183s] [ 17%] [32mBuilding C object CMakeFiles/team4_msgs__rosidl_generator_c.dir/rosidl_generator_c/team4_msgs/msg/detail/storagy_status__functions.c.o[0m
[2.183s] [ 17%] [32mBuilding C object CMakeFiles/team4_msgs__rosidl_generator_c.dir/rosidl_generator_c/team4_msgs/srv/detail/put_on_icecream__functions.c.o[0m
[2.224s] running egg_info
[2.225s] creating team4_msgs.egg-info
[2.225s] writing team4_msgs.egg-info/PKG-INFO
[2.225s] writing dependency_links to team4_msgs.egg-info/dependency_links.txt
[2.225s] writing top-level names to team4_msgs.egg-info/top_level.txt
[2.226s] writing manifest file 'team4_msgs.egg-info/SOURCES.txt'
[2.228s] reading manifest file 'team4_msgs.egg-info/SOURCES.txt'
[2.229s] writing manifest file 'team4_msgs.egg-info/SOURCES.txt'
[2.252s] [ 20%] [32m[1mLinking C shared library libteam4_msgs__rosidl_generator_c.so[0m
[2.263s] [ 20%] Built target ament_cmake_python_build_team4_msgs_egg
[2.295s] [ 20%] Built target team4_msgs__rosidl_generator_c
[2.307s] [ 25%] [34m[1mGenerating C introspection for ROS interfaces[0m
[2.307s] [ 25%] [34m[1mGenerating C type support for eProsima Fast-RTPS[0m
[2.308s] [ 28%] [34m[1mGenerating C type support dispatch for ROS interfaces[0m
[2.415s] [ 33%] [32mBuilding CXX object CMakeFiles/team4_msgs__rosidl_typesupport_cpp.dir/rosidl_typesupport_cpp/team4_msgs/msg/storagy_status__type_support.cpp.o[0m
[2.415s] [ 33%] [32mBuilding CXX object CMakeFiles/team4_msgs__rosidl_typesupport_cpp.dir/rosidl_typesupport_cpp/team4_msgs/srv/put_on_icecream__type_support.cpp.o[0m
[2.429s] [ 35%] [32mBuilding CXX object CMakeFiles/team4_msgs__rosidl_typesupport_introspection_cpp.dir/rosidl_typesupport_introspection_cpp/team4_msgs/msg/detail/storagy_status__type_support.cpp.o[0m
[2.430s] [ 38%] [32mBuilding CXX object CMakeFiles/team4_msgs__rosidl_typesupport_introspection_cpp.dir/rosidl_typesupport_introspection_cpp/team4_msgs/srv/detail/put_on_icecream__type_support.cpp.o[0m
[2.457s] [ 41%] [32mBuilding CXX object CMakeFiles/team4_msgs__rosidl_typesupport_fastrtps_cpp.dir/rosidl_typesupport_fastrtps_cpp/team4_msgs/srv/detail/dds_fastrtps/put_on_icecream__type_support.cpp.o[0m
[2.458s] [ 43%] [32mBuilding CXX object CMakeFiles/team4_msgs__rosidl_typesupport_fastrtps_cpp.dir/rosidl_typesupport_fastrtps_cpp/team4_msgs/msg/detail/dds_fastrtps/storagy_status__type_support.cpp.o[0m
[2.583s] [ 46%] [32mBuilding CXX object CMakeFiles/team4_msgs__rosidl_typesupport_c.dir/rosidl_typesupport_c/team4_msgs/srv/put_on_icecream__type_support.cpp.o[0m
[2.585s] [ 48%] [32mBuilding CXX object CMakeFiles/team4_msgs__rosidl_typesupport_c.dir/rosidl_typesupport_c/team4_msgs/msg/storagy_status__type_support.cpp.o[0m
[2.603s] [ 51%] [32mBuilding CXX object CMakeFiles/team4_msgs__rosidl_typesupport_fastrtps_c.dir/rosidl_typesupport_fastrtps_c/team4_msgs/srv/detail/put_on_icecream__type_support_c.cpp.o[0m
[2.606s] [ 53%] [32mBuilding CXX object CMakeFiles/team4_msgs__rosidl_typesupport_fastrtps_c.dir/rosidl_typesupport_fastrtps_c/team4_msgs/msg/detail/storagy_status__type_support_c.cpp.o[0m
[2.609s] [ 56%] [32mBuilding C object CMakeFiles/team4_msgs__rosidl_typesupport_introspection_c.dir/rosidl_typesupport_introspection_c/team4_msgs/srv/detail/put_on_icecream__type_support.c.o[0m
[2.610s] [ 58%] [32mBuilding C object CMakeFiles/team4_msgs__rosidl_typesupport_introspection_c.dir/rosidl_typesupport_introspection_c/team4_msgs/msg/detail/storagy_status__type_support.c.o[0m
[2.624s] [ 61%] [32m[1mLinking CXX shared library libteam4_msgs__rosidl_typesupport_c.so[0m
[2.663s] [ 64%] [32m[1mLinking C shared library libteam4_msgs__rosidl_typesupport_introspection_c.so[0m
[2.679s] [ 64%] Built target team4_msgs__rosidl_typesupport_c
[2.702s] [ 64%] Built target team4_msgs__rosidl_typesupport_introspection_c
[2.796s] [ 66%] [32m[1mLinking CXX shared library libteam4_msgs__rosidl_typesupport_cpp.so[0m
[2.850s] [ 66%] Built target team4_msgs__rosidl_typesupport_cpp
[2.874s] [ 69%] [32m[1mLinking CXX shared library libteam4_msgs__rosidl_typesupport_fastrtps_cpp.so[0m
[2.901s] [ 71%] [32m[1mLinking CXX shared library libteam4_msgs__rosidl_typesupport_introspection_cpp.so[0m
[2.929s] [ 74%] [32m[1mLinking CXX shared library libteam4_msgs__rosidl_typesupport_fastrtps_c.so[0m
[2.945s] [ 74%] Built target team4_msgs__rosidl_typesupport_fastrtps_cpp
[2.960s] [ 74%] Built target team4_msgs__rosidl_typesupport_introspection_cpp
[2.994s] [ 74%] Built target team4_msgs__rosidl_typesupport_fastrtps_c
[3.013s] [ 74%] Built target team4_msgs
[3.031s] [ 76%] [34m[1mGenerating Python code for ROS interfaces[0m
[3.316s] [ 76%] Built target team4_msgs__py
[3.335s] [ 82%] [32mBuilding C object CMakeFiles/team4_msgs__rosidl_generator_py.dir/rosidl_generator_py/team4_msgs/srv/_put_on_icecream_s.c.o[0m
[3.335s] [ 82%] [32mBuilding C object CMakeFiles/team4_msgs__rosidl_generator_py.dir/rosidl_generator_py/team4_msgs/msg/_storagy_status_s.c.o[0m
[3.430s] [ 84%] [32m[1mLinking C shared library rosidl_generator_py/team4_msgs/libteam4_msgs__rosidl_generator_py.so[0m
[3.467s] [ 84%] Built target team4_msgs__rosidl_generator_py
[3.487s] [ 89%] [32mBuilding C object CMakeFiles/team4_msgs__rosidl_typesupport_fastrtps_c__pyext.dir/rosidl_generator_py/team4_msgs/_team4_msgs_s.ep.rosidl_typesupport_fastrtps_c.c.o[0m
[3.487s] [ 89%] [32mBuilding C object CMakeFiles/team4_msgs__rosidl_typesupport_introspection_c__pyext.dir/rosidl_generator_py/team4_msgs/_team4_msgs_s.ep.rosidl_typesupport_introspection_c.c.o[0m
[3.488s] [ 92%] [32mBuilding C object CMakeFiles/team4_msgs__rosidl_typesupport_c__pyext.dir/rosidl_generator_py/team4_msgs/_team4_msgs_s.ep.rosidl_typesupport_c.c.o[0m
[3.563s] [ 97%] [32m[1mLinking C shared library rosidl_generator_py/team4_msgs/team4_msgs_s__rosidl_typesupport_introspection_c.cpython-310-x86_64-linux-gnu.so[0m
[3.563s] [ 97%] [32m[1mLinking C shared library rosidl_generator_py/team4_msgs/team4_msgs_s__rosidl_typesupport_c.cpython-310-x86_64-linux-gnu.so[0m
[3.570s] [100%] [32m[1mLinking C shared library rosidl_generator_py/team4_msgs/team4_msgs_s__rosidl_typesupport_fastrtps_c.cpython-310-x86_64-linux-gnu.so[0m
[3.595s] [100%] Built target team4_msgs__rosidl_typesupport_c__pyext
[3.595s] [100%] Built target team4_msgs__rosidl_typesupport_introspection_c__pyext
[3.602s] [100%] Built target team4_msgs__rosidl_typesupport_fastrtps_c__pyext
[3.615s] Invoked command in '/home/beakhongha/RobotArm/build/team4_msgs' returned '0': CMAKE_PREFIX_PATH=/opt/ros/humble /usr/bin/cmake --build /home/beakhongha/RobotArm/build/team4_msgs -- -j16 -l16
[3.732s] Invoking command in '/home/beakhongha/RobotArm/build/team4_msgs': CMAKE_PREFIX_PATH=/opt/ros/humble /usr/bin/cmake --install /home/beakhongha/RobotArm/build/team4_msgs
[3.739s] -- Install configuration: ""
[3.739s] -- Installing: /home/beakhongha/RobotArm/install/team4_msgs/share/ament_index/resource_index/rosidl_interfaces/team4_msgs
[3.739s] -- Installing: /home/beakhongha/RobotArm/install/team4_msgs/include/team4_msgs/team4_msgs
[3.740s] -- Installing: /home/beakhongha/RobotArm/install/team4_msgs/include/team4_msgs/team4_msgs/srv
[3.740s] -- Installing: /home/beakhongha/RobotArm/install/team4_msgs/include/team4_msgs/team4_msgs/srv/detail
[3.740s] -- Installing: /home/beakhongha/RobotArm/install/team4_msgs/include/team4_msgs/team4_msgs/srv/detail/put_on_icecream__functions.h
[3.740s] -- Installing: /home/beakhongha/RobotArm/install/team4_msgs/include/team4_msgs/team4_msgs/srv/detail/put_on_icecream__struct.h
[3.740s] -- Installing: /home/beakhongha/RobotArm/install/team4_msgs/include/team4_msgs/team4_msgs/srv/detail/put_on_icecream__functions.c
[3.740s] -- Installing: /home/beakhongha/RobotArm/install/team4_msgs/include/team4_msgs/team4_msgs/srv/detail/put_on_icecream__type_support.h
[3.740s] -- Installing: /home/beakhongha/RobotArm/install/team4_msgs/include/team4_msgs/team4_msgs/srv/put_on_icecream.h
[3.740s] -- Installing: /home/beakhongha/RobotArm/install/team4_msgs/include/team4_msgs/team4_msgs/msg
[3.740s] -- Installing: /home/beakhongha/RobotArm/install/team4_msgs/include/team4_msgs/team4_msgs/msg/detail
[3.741s] -- Installing: /home/beakhongha/RobotArm/install/team4_msgs/include/team4_msgs/team4_msgs/msg/detail/storagy_status__functions.h
[3.741s] -- Installing: /home/beakhongha/RobotArm/install/team4_msgs/include/team4_msgs/team4_msgs/msg/detail/storagy_status__struct.h
[3.741s] -- Installing: /home/beakhongha/RobotArm/install/team4_msgs/include/team4_msgs/team4_msgs/msg/detail/storagy_status__type_support.h
[3.741s] -- Installing: /home/beakhongha/RobotArm/install/team4_msgs/include/team4_msgs/team4_msgs/msg/detail/storagy_status__functions.c
[3.741s] -- Installing: /home/beakhongha/RobotArm/install/team4_msgs/include/team4_msgs/team4_msgs/msg/storagy_status.h
[3.741s] -- Installing: /home/beakhongha/RobotArm/install/team4_msgs/include/team4_msgs/team4_msgs/msg/rosidl_generator_c__visibility_control.h
[3.741s] -- Installing: /home/beakhongha/RobotArm/install/team4_msgs/share/team4_msgs/environment/library_path.sh
[3.741s] -- Installing: /home/beakhongha/RobotArm/install/team4_msgs/share/team4_msgs/environment/library_path.dsv
[3.741s] -- Installing: /home/beakhongha/RobotArm/install/team4_msgs/lib/libteam4_msgs__rosidl_generator_c.so
[3.741s] -- Set runtime path of "/home/beakhongha/RobotArm/install/team4_msgs/lib/libteam4_msgs__rosidl_generator_c.so" to ""
[3.741s] -- Up-to-date: /home/beakhongha/RobotArm/install/team4_msgs/include/team4_msgs/team4_msgs
[3.741s] -- Up-to-date: /home/beakhongha/RobotArm/install/team4_msgs/include/team4_msgs/team4_msgs/srv
[3.742s] -- Up-to-date: /home/beakhongha/RobotArm/install/team4_msgs/include/team4_msgs/team4_msgs/srv/detail
[3.742s] -- Installing: /home/beakhongha/RobotArm/install/team4_msgs/include/team4_msgs/team4_msgs/srv/detail/put_on_icecream__rosidl_typesupport_fastrtps_c.h
[3.742s] -- Up-to-date: /home/beakhongha/RobotArm/install/team4_msgs/include/team4_msgs/team4_msgs/msg
[3.742s] -- Installing: /home/beakhongha/RobotArm/install/team4_msgs/include/team4_msgs/team4_msgs/msg/rosidl_typesupport_fastrtps_c__visibility_control.h
[3.742s] -- Up-to-date: /home/beakhongha/RobotArm/install/team4_msgs/include/team4_msgs/team4_msgs/msg/detail
[3.742s] -- Installing: /home/beakhongha/RobotArm/install/team4_msgs/include/team4_msgs/team4_msgs/msg/detail/storagy_status__rosidl_typesupport_fastrtps_c.h
[3.742s] -- Installing: /home/beakhongha/RobotArm/install/team4_msgs/lib/libteam4_msgs__rosidl_typesupport_fastrtps_c.so
[3.742s] -- Set runtime path of "/home/beakhongha/RobotArm/install/team4_msgs/lib/libteam4_msgs__rosidl_typesupport_fastrtps_c.so" to ""
[3.742s] -- Up-to-date: /home/beakhongha/RobotArm/install/team4_msgs/include/team4_msgs/team4_msgs
[3.742s] -- Up-to-date: /home/beakhongha/RobotArm/install/team4_msgs/include/team4_msgs/team4_msgs/srv
[3.742s] -- Up-to-date: /home/beakhongha/RobotArm/install/team4_msgs/include/team4_msgs/team4_msgs/srv/detail
[3.742s] -- Installing: /home/beakhongha/RobotArm/install/team4_msgs/include/team4_msgs/team4_msgs/srv/detail/put_on_icecream__type_support.c
[3.742s] -- Installing: /home/beakhongha/RobotArm/install/team4_msgs/include/team4_msgs/team4_msgs/srv/detail/put_on_icecream__rosidl_typesupport_introspection_c.h
[3.743s] -- Up-to-date: /home/beakhongha/RobotArm/install/team4_msgs/include/team4_msgs/team4_msgs/msg
[3.743s] -- Up-to-date: /home/beakhongha/RobotArm/install/team4_msgs/include/team4_msgs/team4_msgs/msg/detail
[3.743s] -- Installing: /home/beakhongha/RobotArm/install/team4_msgs/include/team4_msgs/team4_msgs/msg/detail/storagy_status__rosidl_typesupport_introspection_c.h
[3.743s] -- Installing: /home/beakhongha/RobotArm/install/team4_msgs/include/team4_msgs/team4_msgs/msg/detail/storagy_status__type_support.c
[3.743s] -- Installing: /home/beakhongha/RobotArm/install/team4_msgs/include/team4_msgs/team4_msgs/msg/rosidl_typesupport_introspection_c__visibility_control.h
[3.743s] -- Installing: /home/beakhongha/RobotArm/install/team4_msgs/lib/libteam4_msgs__rosidl_typesupport_introspection_c.so
[3.743s] -- Set runtime path of "/home/beakhongha/RobotArm/install/team4_msgs/lib/libteam4_msgs__rosidl_typesupport_introspection_c.so" to ""
[3.743s] -- Installing: /home/beakhongha/RobotArm/install/team4_msgs/lib/libteam4_msgs__rosidl_typesupport_c.so
[3.743s] -- Set runtime path of "/home/beakhongha/RobotArm/install/team4_msgs/lib/libteam4_msgs__rosidl_typesupport_c.so" to ""
[3.743s] -- Up-to-date: /home/beakhongha/RobotArm/install/team4_msgs/include/team4_msgs/team4_msgs
[3.744s] -- Up-to-date: /home/beakhongha/RobotArm/install/team4_msgs/include/team4_msgs/team4_msgs/srv
[3.744s] -- Installing: /home/beakhongha/RobotArm/install/team4_msgs/include/team4_msgs/team4_msgs/srv/put_on_icecream.hpp
[3.744s] -- Up-to-date: /home/beakhongha/RobotArm/install/team4_msgs/include/team4_msgs/team4_msgs/srv/detail
[3.744s] -- Installing: /home/beakhongha/RobotArm/install/team4_msgs/include/team4_msgs/team4_msgs/srv/detail/put_on_icecream__struct.hpp
[3.744s] -- Installing: /home/beakhongha/RobotArm/install/team4_msgs/include/team4_msgs/team4_msgs/srv/detail/put_on_icecream__traits.hpp
[3.744s] -- Installing: /home/beakhongha/RobotArm/install/team4_msgs/include/team4_msgs/team4_msgs/srv/detail/put_on_icecream__builder.hpp
[3.744s] -- Up-to-date: /home/beakhongha/RobotArm/install/team4_msgs/include/team4_msgs/team4_msgs/msg
[3.744s] -- Installing: /home/beakhongha/RobotArm/install/team4_msgs/include/team4_msgs/team4_msgs/msg/storagy_status.hpp
[3.744s] -- Up-to-date: /home/beakhongha/RobotArm/install/team4_msgs/include/team4_msgs/team4_msgs/msg/detail
[3.744s] -- Installing: /home/beakhongha/RobotArm/install/team4_msgs/include/team4_msgs/team4_msgs/msg/detail/storagy_status__traits.hpp
[3.744s] -- Installing: /home/beakhongha/RobotArm/install/team4_msgs/include/team4_msgs/team4_msgs/msg/detail/storagy_status__struct.hpp
[3.744s] -- Installing: /home/beakhongha/RobotArm/install/team4_msgs/include/team4_msgs/team4_msgs/msg/detail/storagy_status__builder.hpp
[3.744s] -- Up-to-date: /home/beakhongha/RobotArm/install/team4_msgs/include/team4_msgs/team4_msgs
[3.744s] -- Up-to-date: /home/beakhongha/RobotArm/install/team4_msgs/include/team4_msgs/team4_msgs/srv
[3.744s] -- Up-to-date: /home/beakhongha/RobotArm/install/team4_msgs/include/team4_msgs/team4_msgs/srv/detail
[3.745s] -- Installing: /home/beakhongha/RobotArm/install/team4_msgs/include/team4_msgs/team4_msgs/srv/detail/dds_fastrtps
[3.745s] -- Installing: /home/beakhongha/RobotArm/install/team4_msgs/include/team4_msgs/team4_msgs/srv/detail/put_on_icecream__rosidl_typesupport_fastrtps_cpp.hpp
[3.745s] -- Up-to-date: /home/beakhongha/RobotArm/install/team4_msgs/include/team4_msgs/team4_msgs/msg
[3.745s] -- Up-to-date: /home/beakhongha/RobotArm/install/team4_msgs/include/team4_msgs/team4_msgs/msg/detail
[3.745s] -- Installing: /home/beakhongha/RobotArm/install/team4_msgs/include/team4_msgs/team4_msgs/msg/detail/dds_fastrtps
[3.745s] -- Installing: /home/beakhongha/RobotArm/install/team4_msgs/include/team4_msgs/team4_msgs/msg/detail/storagy_status__rosidl_typesupport_fastrtps_cpp.hpp
[3.745s] -- Installing: /home/beakhongha/RobotArm/install/team4_msgs/include/team4_msgs/team4_msgs/msg/rosidl_typesupport_fastrtps_cpp__visibility_control.h
[3.745s] -- Installing: /home/beakhongha/RobotArm/install/team4_msgs/lib/libteam4_msgs__rosidl_typesupport_fastrtps_cpp.so
[3.745s] -- Set runtime path of "/home/beakhongha/RobotArm/install/team4_msgs/lib/libteam4_msgs__rosidl_typesupport_fastrtps_cpp.so" to ""
[3.745s] -- Up-to-date: /home/beakhongha/RobotArm/install/team4_msgs/include/team4_msgs/team4_msgs
[3.745s] -- Up-to-date: /home/beakhongha/RobotArm/install/team4_msgs/include/team4_msgs/team4_msgs/srv
[3.745s] -- Up-to-date: /home/beakhongha/RobotArm/install/team4_msgs/include/team4_msgs/team4_msgs/srv/detail
[3.745s] -- Installing: /home/beakhongha/RobotArm/install/team4_msgs/include/team4_msgs/team4_msgs/srv/detail/put_on_icecream__rosidl_typesupport_introspection_cpp.hpp
[3.745s] -- Installing: /home/beakhongha/RobotArm/install/team4_msgs/include/team4_msgs/team4_msgs/srv/detail/put_on_icecream__type_support.cpp
[3.746s] -- Up-to-date: /home/beakhongha/RobotArm/install/team4_msgs/include/team4_msgs/team4_msgs/msg
[3.746s] -- Up-to-date: /home/beakhongha/RobotArm/install/team4_msgs/include/team4_msgs/team4_msgs/msg/detail
[3.746s] -- Installing: /home/beakhongha/RobotArm/install/team4_msgs/include/team4_msgs/team4_msgs/msg/detail/storagy_status__type_support.cpp
[3.746s] -- Installing: /home/beakhongha/RobotArm/install/team4_msgs/include/team4_msgs/team4_msgs/msg/detail/storagy_status__rosidl_typesupport_introspection_cpp.hpp
[3.746s] -- Installing: /home/beakhongha/RobotArm/install/team4_msgs/lib/libteam4_msgs__rosidl_typesupport_introspection_cpp.so
[3.746s] -- Set runtime path of "/home/beakhongha/RobotArm/install/team4_msgs/lib/libteam4_msgs__rosidl_typesupport_introspection_cpp.so" to ""
[3.746s] -- Installing: /home/beakhongha/RobotArm/install/team4_msgs/lib/libteam4_msgs__rosidl_typesupport_cpp.so
[3.746s] -- Set runtime path of "/home/beakhongha/RobotArm/install/team4_msgs/lib/libteam4_msgs__rosidl_typesupport_cpp.so" to ""
[3.746s] -- Installing: /home/beakhongha/RobotArm/install/team4_msgs/share/team4_msgs/environment/pythonpath.sh
[3.747s] -- Installing: /home/beakhongha/RobotArm/install/team4_msgs/share/team4_msgs/environment/pythonpath.dsv
[3.747s] -- Installing: /home/beakhongha/RobotArm/install/team4_msgs/local/lib/python3.10/dist-packages/team4_msgs-0.0.0-py3.10.egg-info
[3.747s] -- Installing: /home/beakhongha/RobotArm/install/team4_msgs/local/lib/python3.10/dist-packages/team4_msgs-0.0.0-py3.10.egg-info/top_level.txt
[3.747s] -- Installing: /home/beakhongha/RobotArm/install/team4_msgs/local/lib/python3.10/dist-packages/team4_msgs-0.0.0-py3.10.egg-info/SOURCES.txt
[3.747s] -- Installing: /home/beakhongha/RobotArm/install/team4_msgs/local/lib/python3.10/dist-packages/team4_msgs-0.0.0-py3.10.egg-info/PKG-INFO
[3.747s] -- Installing: /home/beakhongha/RobotArm/install/team4_msgs/local/lib/python3.10/dist-packages/team4_msgs-0.0.0-py3.10.egg-info/dependency_links.txt
[3.747s] -- Installing: /home/beakhongha/RobotArm/install/team4_msgs/local/lib/python3.10/dist-packages/team4_msgs
[3.747s] -- Installing: /home/beakhongha/RobotArm/install/team4_msgs/local/lib/python3.10/dist-packages/team4_msgs/__init__.py
[3.747s] -- Installing: /home/beakhongha/RobotArm/install/team4_msgs/local/lib/python3.10/dist-packages/team4_msgs/srv
[3.747s] -- Installing: /home/beakhongha/RobotArm/install/team4_msgs/local/lib/python3.10/dist-packages/team4_msgs/srv/__init__.py
[3.747s] -- Installing: /home/beakhongha/RobotArm/install/team4_msgs/local/lib/python3.10/dist-packages/team4_msgs/srv/_put_on_icecream.py
[3.748s] -- Installing: /home/beakhongha/RobotArm/install/team4_msgs/local/lib/python3.10/dist-packages/team4_msgs/srv/_put_on_icecream_s.c
[3.748s] -- Installing: /home/beakhongha/RobotArm/install/team4_msgs/local/lib/python3.10/dist-packages/team4_msgs/team4_msgs_s__rosidl_typesupport_introspection_c.cpython-310-x86_64-linux-gnu.so
[3.748s] -- Installing: /home/beakhongha/RobotArm/install/team4_msgs/local/lib/python3.10/dist-packages/team4_msgs/_team4_msgs_s.ep.rosidl_typesupport_fastrtps_c.c
[3.748s] -- Installing: /home/beakhongha/RobotArm/install/team4_msgs/local/lib/python3.10/dist-packages/team4_msgs/team4_msgs_s__rosidl_typesupport_c.cpython-310-x86_64-linux-gnu.so
[3.748s] -- Installing: /home/beakhongha/RobotArm/install/team4_msgs/local/lib/python3.10/dist-packages/team4_msgs/team4_msgs_s__rosidl_typesupport_fastrtps_c.cpython-310-x86_64-linux-gnu.so
[3.748s] -- Installing: /home/beakhongha/RobotArm/install/team4_msgs/local/lib/python3.10/dist-packages/team4_msgs/libteam4_msgs__rosidl_generator_py.so
[3.748s] -- Installing: /home/beakhongha/RobotArm/install/team4_msgs/local/lib/python3.10/dist-packages/team4_msgs/_team4_msgs_s.ep.rosidl_typesupport_introspection_c.c
[3.748s] -- Installing: /home/beakhongha/RobotArm/install/team4_msgs/local/lib/python3.10/dist-packages/team4_msgs/msg
[3.748s] -- Installing: /home/beakhongha/RobotArm/install/team4_msgs/local/lib/python3.10/dist-packages/team4_msgs/msg/_storagy_status_s.c
[3.749s] -- Installing: /home/beakhongha/RobotArm/install/team4_msgs/local/lib/python3.10/dist-packages/team4_msgs/msg/__init__.py
[3.749s] -- Installing: /home/beakhongha/RobotArm/install/team4_msgs/local/lib/python3.10/dist-packages/team4_msgs/msg/_storagy_status.py
[3.749s] -- Installing: /home/beakhongha/RobotArm/install/team4_msgs/local/lib/python3.10/dist-packages/team4_msgs/_team4_msgs_s.ep.rosidl_typesupport_c.c
[3.776s] Listing '/home/beakhongha/RobotArm/install/team4_msgs/local/lib/python3.10/dist-packages/team4_msgs'...
[3.776s] Compiling '/home/beakhongha/RobotArm/install/team4_msgs/local/lib/python3.10/dist-packages/team4_msgs/__init__.py'...
[3.777s] Listing '/home/beakhongha/RobotArm/install/team4_msgs/local/lib/python3.10/dist-packages/team4_msgs/msg'...
[3.777s] Compiling '/home/beakhongha/RobotArm/install/team4_msgs/local/lib/python3.10/dist-packages/team4_msgs/msg/__init__.py'...
[3.777s] Compiling '/home/beakhongha/RobotArm/install/team4_msgs/local/lib/python3.10/dist-packages/team4_msgs/msg/_storagy_status.py'...
[3.777s] Listing '/home/beakhongha/RobotArm/install/team4_msgs/local/lib/python3.10/dist-packages/team4_msgs/srv'...
[3.777s] Compiling '/home/beakhongha/RobotArm/install/team4_msgs/local/lib/python3.10/dist-packages/team4_msgs/srv/__init__.py'...
[3.777s] Compiling '/home/beakhongha/RobotArm/install/team4_msgs/local/lib/python3.10/dist-packages/team4_msgs/srv/_put_on_icecream.py'...
[3.780s] -- Installing: /home/beakhongha/RobotArm/install/team4_msgs/local/lib/python3.10/dist-packages/team4_msgs/team4_msgs_s__rosidl_typesupport_fastrtps_c.cpython-310-x86_64-linux-gnu.so
[3.780s] -- Set runtime path of "/home/beakhongha/RobotArm/install/team4_msgs/local/lib/python3.10/dist-packages/team4_msgs/team4_msgs_s__rosidl_typesupport_fastrtps_c.cpython-310-x86_64-linux-gnu.so" to ""
[3.781s] -- Installing: /home/beakhongha/RobotArm/install/team4_msgs/local/lib/python3.10/dist-packages/team4_msgs/team4_msgs_s__rosidl_typesupport_introspection_c.cpython-310-x86_64-linux-gnu.so
[3.781s] -- Set runtime path of "/home/beakhongha/RobotArm/install/team4_msgs/local/lib/python3.10/dist-packages/team4_msgs/team4_msgs_s__rosidl_typesupport_introspection_c.cpython-310-x86_64-linux-gnu.so" to ""
[3.781s] -- Installing: /home/beakhongha/RobotArm/install/team4_msgs/local/lib/python3.10/dist-packages/team4_msgs/team4_msgs_s__rosidl_typesupport_c.cpython-310-x86_64-linux-gnu.so
[3.781s] -- Set runtime path of "/home/beakhongha/RobotArm/install/team4_msgs/local/lib/python3.10/dist-packages/team4_msgs/team4_msgs_s__rosidl_typesupport_c.cpython-310-x86_64-linux-gnu.so" to ""
[3.781s] -- Installing: /home/beakhongha/RobotArm/install/team4_msgs/lib/libteam4_msgs__rosidl_generator_py.so
[3.782s] -- Set runtime path of "/home/beakhongha/RobotArm/install/team4_msgs/lib/libteam4_msgs__rosidl_generator_py.so" to ""
[3.782s] -- Installing: /home/beakhongha/RobotArm/install/team4_msgs/share/team4_msgs/srv/PutOnIcecream.idl
[3.782s] -- Installing: /home/beakhongha/RobotArm/install/team4_msgs/share/team4_msgs/msg/StoragyStatus.idl
[3.782s] -- Installing: /home/beakhongha/RobotArm/install/team4_msgs/share/team4_msgs/srv/PutOnIcecream.srv
[3.782s] -- Installing: /home/beakhongha/RobotArm/install/team4_msgs/share/team4_msgs/srv/PutOnIcecream_Request.msg
[3.782s] -- Installing: /home/beakhongha/RobotArm/install/team4_msgs/share/team4_msgs/srv/PutOnIcecream_Response.msg
[3.782s] -- Installing: /home/beakhongha/RobotArm/install/team4_msgs/share/team4_msgs/msg/StoragyStatus.msg
[3.782s] -- Installing: /home/beakhongha/RobotArm/install/team4_msgs/share/ament_index/resource_index/package_run_dependencies/team4_msgs
[3.782s] -- Installing: /home/beakhongha/RobotArm/install/team4_msgs/share/ament_index/resource_index/parent_prefix_path/team4_msgs
[3.783s] -- Installing: /home/beakhongha/RobotArm/install/team4_msgs/share/team4_msgs/environment/ament_prefix_path.sh
[3.783s] -- Installing: /home/beakhongha/RobotArm/install/team4_msgs/share/team4_msgs/environment/ament_prefix_path.dsv
[3.783s] -- Installing: /home/beakhongha/RobotArm/install/team4_msgs/share/team4_msgs/environment/path.sh
[3.783s] -- Installing: /home/beakhongha/RobotArm/install/team4_msgs/share/team4_msgs/environment/path.dsv
[3.783s] -- Installing: /home/beakhongha/RobotArm/install/team4_msgs/share/team4_msgs/local_setup.bash
[3.783s] -- Installing: /home/beakhongha/RobotArm/install/team4_msgs/share/team4_msgs/local_setup.sh
[3.783s] -- Installing: /home/beakhongha/RobotArm/install/team4_msgs/share/team4_msgs/local_setup.zsh
[3.783s] -- Installing: /home/beakhongha/RobotArm/install/team4_msgs/share/team4_msgs/local_setup.dsv
[3.783s] -- Installing: /home/beakhongha/RobotArm/install/team4_msgs/share/team4_msgs/package.dsv
[3.784s] -- Installing: /home/beakhongha/RobotArm/install/team4_msgs/share/ament_index/resource_index/packages/team4_msgs
[3.784s] -- Installing: /home/beakhongha/RobotArm/install/team4_msgs/share/team4_msgs/cmake/export_team4_msgs__rosidl_generator_cExport.cmake
[3.784s] -- Installing: /home/beakhongha/RobotArm/install/team4_msgs/share/team4_msgs/cmake/export_team4_msgs__rosidl_generator_cExport-noconfig.cmake
[3.784s] -- Installing: /home/beakhongha/RobotArm/install/team4_msgs/share/team4_msgs/cmake/export_team4_msgs__rosidl_typesupport_fastrtps_cExport.cmake
[3.784s] -- Installing: /home/beakhongha/RobotArm/install/team4_msgs/share/team4_msgs/cmake/export_team4_msgs__rosidl_typesupport_fastrtps_cExport-noconfig.cmake
[3.784s] -- Installing: /home/beakhongha/RobotArm/install/team4_msgs/share/team4_msgs/cmake/team4_msgs__rosidl_typesupport_introspection_cExport.cmake
[3.784s] -- Installing: /home/beakhongha/RobotArm/install/team4_msgs/share/team4_msgs/cmake/team4_msgs__rosidl_typesupport_introspection_cExport-noconfig.cmake
[3.784s] -- Installing: /home/beakhongha/RobotArm/install/team4_msgs/share/team4_msgs/cmake/team4_msgs__rosidl_typesupport_cExport.cmake
[3.785s] -- Installing: /home/beakhongha/RobotArm/install/team4_msgs/share/team4_msgs/cmake/team4_msgs__rosidl_typesupport_cExport-noconfig.cmake
[3.785s] -- Installing: /home/beakhongha/RobotArm/install/team4_msgs/share/team4_msgs/cmake/export_team4_msgs__rosidl_generator_cppExport.cmake
[3.785s] -- Installing: /home/beakhongha/RobotArm/install/team4_msgs/share/team4_msgs/cmake/export_team4_msgs__rosidl_typesupport_fastrtps_cppExport.cmake
[3.785s] -- Installing: /home/beakhongha/RobotArm/install/team4_msgs/share/team4_msgs/cmake/export_team4_msgs__rosidl_typesupport_fastrtps_cppExport-noconfig.cmake
[3.785s] -- Installing: /home/beakhongha/RobotArm/install/team4_msgs/share/team4_msgs/cmake/team4_msgs__rosidl_typesupport_introspection_cppExport.cmake
[3.785s] -- Installing: /home/beakhongha/RobotArm/install/team4_msgs/share/team4_msgs/cmake/team4_msgs__rosidl_typesupport_introspection_cppExport-noconfig.cmake
[3.785s] -- Installing: /home/beakhongha/RobotArm/install/team4_msgs/share/team4_msgs/cmake/team4_msgs__rosidl_typesupport_cppExport.cmake
[3.785s] -- Installing: /home/beakhongha/RobotArm/install/team4_msgs/share/team4_msgs/cmake/team4_msgs__rosidl_typesupport_cppExport-noconfig.cmake
[3.786s] -- Installing: /home/beakhongha/RobotArm/install/team4_msgs/share/team4_msgs/cmake/export_team4_msgs__rosidl_generator_pyExport.cmake
[3.786s] -- Installing: /home/beakhongha/RobotArm/install/team4_msgs/share/team4_msgs/cmake/export_team4_msgs__rosidl_generator_pyExport-noconfig.cmake
[3.786s] -- Installing: /home/beakhongha/RobotArm/install/team4_msgs/share/team4_msgs/cmake/rosidl_cmake-extras.cmake
[3.786s] -- Installing: /home/beakhongha/RobotArm/install/team4_msgs/share/team4_msgs/cmake/ament_cmake_export_include_directories-extras.cmake
[3.786s] -- Installing: /home/beakhongha/RobotArm/install/team4_msgs/share/team4_msgs/cmake/ament_cmake_export_libraries-extras.cmake
[3.786s] -- Installing: /home/beakhongha/RobotArm/install/team4_msgs/share/team4_msgs/cmake/ament_cmake_export_targets-extras.cmake
[3.786s] -- Installing: /home/beakhongha/RobotArm/install/team4_msgs/share/team4_msgs/cmake/rosidl_cmake_export_typesupport_targets-extras.cmake
[3.786s] -- Installing: /home/beakhongha/RobotArm/install/team4_msgs/share/team4_msgs/cmake/ament_cmake_export_dependencies-extras.cmake
[3.787s] -- Installing: /home/beakhongha/RobotArm/install/team4_msgs/share/team4_msgs/cmake/rosidl_cmake_export_typesupport_libraries-extras.cmake
[3.787s] -- Installing: /home/beakhongha/RobotArm/install/team4_msgs/share/team4_msgs/cmake/team4_msgsConfig.cmake
[3.787s] -- Installing: /home/beakhongha/RobotArm/install/team4_msgs/share/team4_msgs/cmake/team4_msgsConfig-version.cmake
[3.787s] -- Installing: /home/beakhongha/RobotArm/install/team4_msgs/share/team4_msgs/package.xml
[3.789s] Invoked command in '/home/beakhongha/RobotArm/build/team4_msgs' returned '0': CMAKE_PREFIX_PATH=/opt/ros/humble /usr/bin/cmake --install /home/beakhongha/RobotArm/build/team4_msgs
