[1.341s] Invoking command in '/home/beakhongha/RobotArm/aris_pkg': LD_LIBRARY_PATH=/home/beakhongha/RobotArm/install/team4_msgs/lib:/usr/lib/x86_64-linux-gnu/gazebo-11/plugins:/opt/ros/humble/opt/rviz_ogre_vendor/lib:/opt/ros/humble/lib/x86_64-linux-gnu:/opt/ros/humble/lib:/usr/local/cuda-11.5/lib64 PYTHONPATH=/home/beakhongha/RobotArm/build/aris_pkg/prefix_override:/usr/lib/python3/dist-packages/colcon_core/task/python/colcon_distutils_commands:/home/beakhongha/RobotArm/install/aris_pkg/lib/python3.10/site-packages:/home/beakhongha/RobotArm/install/xArm-Python-SDK/lib/python3.10/site-packages:/home/beakhongha/RobotArm/install/aris_pkg/lib/python3.10/site-packages:/home/beakhongha/RobotArm/install/team4_msgs/local/lib/python3.10/dist-packages:/opt/ros/humble/lib/python3.10/site-packages:/opt/ros/humble/local/lib/python3.10/dist-packages /usr/bin/python3 -W ignore:setup.py install is deprecated setup.py egg_info --egg-base ../build/aris_pkg build --build-base /home/beakhongha/RobotArm/build/aris_pkg/build install --record /home/beakhongha/RobotArm/build/aris_pkg/install.log --single-version-externally-managed install_data
[2.148s] running egg_info
[2.150s] writing ../build/aris_pkg/aris_pkg.egg-info/PKG-INFO
[2.150s] writing dependency_links to ../build/aris_pkg/aris_pkg.egg-info/dependency_links.txt
[2.151s] writing entry points to ../build/aris_pkg/aris_pkg.egg-info/entry_points.txt
[2.151s] writing requirements to ../build/aris_pkg/aris_pkg.egg-info/requires.txt
[2.152s] writing top-level names to ../build/aris_pkg/aris_pkg.egg-info/top_level.txt
[2.158s] reading manifest file '../build/aris_pkg/aris_pkg.egg-info/SOURCES.txt'
[2.162s] writing manifest file '../build/aris_pkg/aris_pkg.egg-info/SOURCES.txt'
[2.162s] running build
[2.162s] running build_py
[2.163s] copying aris_pkg/motion3.py -> /home/beakhongha/RobotArm/build/aris_pkg/build/lib/aris_pkg
[2.163s] running install
[2.163s] running install_lib
[2.165s] copying /home/beakhongha/RobotArm/build/aris_pkg/build/lib/aris_pkg/motion3.py -> /home/beakhongha/RobotArm/install/aris_pkg/lib/python3.10/site-packages/aris_pkg
[2.167s] byte-compiling /home/beakhongha/RobotArm/install/aris_pkg/lib/python3.10/site-packages/aris_pkg/motion3.py to motion3.cpython-310.pyc
[2.198s] running install_data
[2.198s] running install_egg_info
[2.203s] removing '/home/beakhongha/RobotArm/install/aris_pkg/lib/python3.10/site-packages/aris_pkg-0.0.0-py3.10.egg-info' (and everything under it)
[2.204s] Copying ../build/aris_pkg/aris_pkg.egg-info to /home/beakhongha/RobotArm/install/aris_pkg/lib/python3.10/site-packages/aris_pkg-0.0.0-py3.10.egg-info
[2.206s] running install_scripts
[2.258s] Installing aris script to /home/beakhongha/RobotArm/install/aris_pkg/lib/aris_pkg
[2.259s] writing list of installed files to '/home/beakhongha/RobotArm/build/aris_pkg/install.log'
[2.327s] Invoked command in '/home/beakhongha/RobotArm/aris_pkg' returned '0': LD_LIBRARY_PATH=/home/beakhongha/RobotArm/install/team4_msgs/lib:/usr/lib/x86_64-linux-gnu/gazebo-11/plugins:/opt/ros/humble/opt/rviz_ogre_vendor/lib:/opt/ros/humble/lib/x86_64-linux-gnu:/opt/ros/humble/lib:/usr/local/cuda-11.5/lib64 PYTHONPATH=/home/beakhongha/RobotArm/build/aris_pkg/prefix_override:/usr/lib/python3/dist-packages/colcon_core/task/python/colcon_distutils_commands:/home/beakhongha/RobotArm/install/aris_pkg/lib/python3.10/site-packages:/home/beakhongha/RobotArm/install/xArm-Python-SDK/lib/python3.10/site-packages:/home/beakhongha/RobotArm/install/aris_pkg/lib/python3.10/site-packages:/home/beakhongha/RobotArm/install/team4_msgs/local/lib/python3.10/dist-packages:/opt/ros/humble/lib/python3.10/site-packages:/opt/ros/humble/local/lib/python3.10/dist-packages /usr/bin/python3 -W ignore:setup.py install is deprecated setup.py egg_info --egg-base ../build/aris_pkg build --build-base /home/beakhongha/RobotArm/build/aris_pkg/build install --record /home/beakhongha/RobotArm/build/aris_pkg/install.log --single-version-externally-managed install_data
