running egg_info
creating ../build/aris_pkg/aris_pkg.egg-info
writing ../build/aris_pkg/aris_pkg.egg-info/PKG-INFO
writing dependency_links to ../build/aris_pkg/aris_pkg.egg-info/dependency_links.txt
writing entry points to ../build/aris_pkg/aris_pkg.egg-info/entry_points.txt
writing requirements to ../build/aris_pkg/aris_pkg.egg-info/requires.txt
writing top-level names to ../build/aris_pkg/aris_pkg.egg-info/top_level.txt
writing manifest file '../build/aris_pkg/aris_pkg.egg-info/SOURCES.txt'
reading manifest file '../build/aris_pkg/aris_pkg.egg-info/SOURCES.txt'
writing manifest file '../build/aris_pkg/aris_pkg.egg-info/SOURCES.txt'
running build
running build_py
creating /home/beakhongha/RobotArm/build/aris_pkg/build
creating /home/beakhongha/RobotArm/build/aris_pkg/build/lib
creating /home/beakhongha/RobotArm/build/aris_pkg/build/lib/aris_pkg
copying aris_pkg/__init__.py -> /home/beakhongha/RobotArm/build/aris_pkg/build/lib/aris_pkg
copying aris_pkg/motion3.py -> /home/beakhongha/RobotArm/build/aris_pkg/build/lib/aris_pkg
running install
running install_lib
creating /home/beakhongha/RobotArm/install/aris_pkg/lib/python3.10/site-packages/aris_pkg
copying /home/beakhongha/RobotArm/build/aris_pkg/build/lib/aris_pkg/__init__.py -> /home/beakhongha/RobotArm/install/aris_pkg/lib/python3.10/site-packages/aris_pkg
copying /home/beakhongha/RobotArm/build/aris_pkg/build/lib/aris_pkg/motion3.py -> /home/beakhongha/RobotArm/install/aris_pkg/lib/python3.10/site-packages/aris_pkg
byte-compiling /home/beakhongha/RobotArm/install/aris_pkg/lib/python3.10/site-packages/aris_pkg/__init__.py to __init__.cpython-310.pyc
byte-compiling /home/beakhongha/RobotArm/install/aris_pkg/lib/python3.10/site-packages/aris_pkg/motion3.py to motion3.cpython-310.pyc
running install_data
creating /home/beakhongha/RobotArm/install/aris_pkg/share/ament_index
creating /home/beakhongha/RobotArm/install/aris_pkg/share/ament_index/resource_index
creating /home/beakhongha/RobotArm/install/aris_pkg/share/ament_index/resource_index/packages
copying resource/aris_pkg -> /home/beakhongha/RobotArm/install/aris_pkg/share/ament_index/resource_index/packages
copying package.xml -> /home/beakhongha/RobotArm/install/aris_pkg/share/aris_pkg
running install_egg_info
Copying ../build/aris_pkg/aris_pkg.egg-info to /home/beakhongha/RobotArm/install/aris_pkg/lib/python3.10/site-packages/aris_pkg-0.0.0-py3.10.egg-info
running install_scripts
Installing aris script to /home/beakhongha/RobotArm/install/aris_pkg/lib/aris_pkg
writing list of installed files to '/home/beakhongha/RobotArm/build/aris_pkg/install.log'
