[0.596s] Invoking command in '/home/beakhongha/RobotArm/aris_pkg': AMENT_PREFIX_PATH=/home/beakhongha/RobotArm/install/team4_msgs:${AMENT_PREFIX_PATH} CMAKE_PREFIX_PATH=/home/beakhongha/RobotArm/install/team4_msgs LD_LIBRARY_PATH=/home/beakhongha/RobotArm/install/team4_msgs/lib:/usr/lib/x86_64-linux-gnu/gazebo-11/plugins:/opt/ros/humble/opt/rviz_ogre_vendor/lib:/opt/ros/humble/lib/x86_64-linux-gnu:/opt/ros/humble/lib:/usr/local/cuda-11.5/lib64 PYTHONPATH=/home/beakhongha/RobotArm/build/aris_pkg/prefix_override:/usr/lib/python3/dist-packages/colcon_core/task/python/colcon_distutils_commands:/home/beakhongha/RobotArm/install/aris_pkg/lib/python3.10/site-packages:/home/beakhongha/RobotArm/install/xArm-Python-SDK/lib/python3.10/site-packages:/home/beakhongha/RobotArm/install/team4_msgs/local/lib/python3.10/dist-packages:${PYTHONPATH} /usr/bin/python3 -W ignore:setup.py install is deprecated setup.py egg_info --egg-base ../build/aris_pkg build --build-base /home/beakhongha/RobotArm/build/aris_pkg/build install --record /home/beakhongha/RobotArm/build/aris_pkg/install.log --single-version-externally-managed install_data
[0.823s] running egg_info
[0.824s] creating ../build/aris_pkg/aris_pkg.egg-info
[0.824s] writing ../build/aris_pkg/aris_pkg.egg-info/PKG-INFO
[0.824s] writing dependency_links to ../build/aris_pkg/aris_pkg.egg-info/dependency_links.txt
[0.824s] writing entry points to ../build/aris_pkg/aris_pkg.egg-info/entry_points.txt
[0.824s] writing requirements to ../build/aris_pkg/aris_pkg.egg-info/requires.txt
[0.824s] writing top-level names to ../build/aris_pkg/aris_pkg.egg-info/top_level.txt
[0.824s] writing manifest file '../build/aris_pkg/aris_pkg.egg-info/SOURCES.txt'
[0.826s] reading manifest file '../build/aris_pkg/aris_pkg.egg-info/SOURCES.txt'
[0.826s] writing manifest file '../build/aris_pkg/aris_pkg.egg-info/SOURCES.txt'
[0.826s] running build
[0.826s] running build_py
[0.826s] creating /home/beakhongha/RobotArm/build/aris_pkg/build
[0.826s] creating /home/beakhongha/RobotArm/build/aris_pkg/build/lib
[0.826s] creating /home/beakhongha/RobotArm/build/aris_pkg/build/lib/aris_pkg
[0.826s] copying aris_pkg/__init__.py -> /home/beakhongha/RobotArm/build/aris_pkg/build/lib/aris_pkg
[0.827s] copying aris_pkg/motion3.py -> /home/beakhongha/RobotArm/build/aris_pkg/build/lib/aris_pkg
[0.827s] running install
[0.827s] running install_lib
[0.828s] creating /home/beakhongha/RobotArm/install/aris_pkg/lib/python3.10/site-packages/aris_pkg
[0.828s] copying /home/beakhongha/RobotArm/build/aris_pkg/build/lib/aris_pkg/__init__.py -> /home/beakhongha/RobotArm/install/aris_pkg/lib/python3.10/site-packages/aris_pkg
[0.828s] copying /home/beakhongha/RobotArm/build/aris_pkg/build/lib/aris_pkg/motion3.py -> /home/beakhongha/RobotArm/install/aris_pkg/lib/python3.10/site-packages/aris_pkg
[0.828s] byte-compiling /home/beakhongha/RobotArm/install/aris_pkg/lib/python3.10/site-packages/aris_pkg/__init__.py to __init__.cpython-310.pyc
[0.828s] byte-compiling /home/beakhongha/RobotArm/install/aris_pkg/lib/python3.10/site-packages/aris_pkg/motion3.py to motion3.cpython-310.pyc
[0.838s] running install_data
[0.838s] creating /home/beakhongha/RobotArm/install/aris_pkg/share/ament_index
[0.838s] creating /home/beakhongha/RobotArm/install/aris_pkg/share/ament_index/resource_index
[0.838s] creating /home/beakhongha/RobotArm/install/aris_pkg/share/ament_index/resource_index/packages
[0.838s] copying resource/aris_pkg -> /home/beakhongha/RobotArm/install/aris_pkg/share/ament_index/resource_index/packages
[0.838s] copying package.xml -> /home/beakhongha/RobotArm/install/aris_pkg/share/aris_pkg
[0.838s] running install_egg_info
[0.839s] Copying ../build/aris_pkg/aris_pkg.egg-info to /home/beakhongha/RobotArm/install/aris_pkg/lib/python3.10/site-packages/aris_pkg-0.0.0-py3.10.egg-info
[0.840s] running install_scripts
[0.854s] Installing aris script to /home/beakhongha/RobotArm/install/aris_pkg/lib/aris_pkg
[0.854s] writing list of installed files to '/home/beakhongha/RobotArm/build/aris_pkg/install.log'
[0.874s] Invoked command in '/home/beakhongha/RobotArm/aris_pkg' returned '0': AMENT_PREFIX_PATH=/home/beakhongha/RobotArm/install/team4_msgs:${AMENT_PREFIX_PATH} CMAKE_PREFIX_PATH=/home/beakhongha/RobotArm/install/team4_msgs LD_LIBRARY_PATH=/home/beakhongha/RobotArm/install/team4_msgs/lib:/usr/lib/x86_64-linux-gnu/gazebo-11/plugins:/opt/ros/humble/opt/rviz_ogre_vendor/lib:/opt/ros/humble/lib/x86_64-linux-gnu:/opt/ros/humble/lib:/usr/local/cuda-11.5/lib64 PYTHONPATH=/home/beakhongha/RobotArm/build/aris_pkg/prefix_override:/usr/lib/python3/dist-packages/colcon_core/task/python/colcon_distutils_commands:/home/beakhongha/RobotArm/install/aris_pkg/lib/python3.10/site-packages:/home/beakhongha/RobotArm/install/xArm-Python-SDK/lib/python3.10/site-packages:/home/beakhongha/RobotArm/install/team4_msgs/local/lib/python3.10/dist-packages:${PYTHONPATH} /usr/bin/python3 -W ignore:setup.py install is deprecated setup.py egg_info --egg-base ../build/aris_pkg build --build-base /home/beakhongha/RobotArm/build/aris_pkg/build install --record /home/beakhongha/RobotArm/build/aris_pkg/install.log --single-version-externally-managed install_data
