[0.016s] Invoking command in '/home/beakhongha/RobotArm/build/team4_msgs': CMAKE_PREFIX_PATH=${CMAKE_PREFIX_PATH}:/home/beakhongha/RobotArm/install/aris_pkg:/opt/ros/humble /usr/bin/cmake --build /home/beakhongha/RobotArm/build/team4_msgs -- -j16 -l16
[0.088s] [  7%] Built target team4_msgs__cpp
[0.089s] [ 12%] Built target team4_msgs__rosidl_generator_c
[0.108s] [ 12%] Built target ament_cmake_python_copy_team4_msgs
[0.130s] [ 23%] Built target team4_msgs__rosidl_typesupport_cpp
[0.131s] [ 33%] Built target team4_msgs__rosidl_typesupport_introspection_cpp
[0.134s] [ 43%] Built target team4_msgs__rosidl_typesupport_fastrtps_c
[0.137s] [ 53%] Built target team4_msgs__rosidl_typesupport_fastrtps_cpp
[0.151s] [ 74%] Built target team4_msgs__rosidl_typesupport_c
[0.151s] [ 74%] Built target team4_msgs__rosidl_typesupport_introspection_c
[0.197s] [ 74%] Built target team4_msgs
[0.243s] [ 76%] Built target team4_msgs__py
[0.292s] [ 84%] Built target team4_msgs__rosidl_generator_py
[0.350s] [ 97%] Built target team4_msgs__rosidl_typesupport_introspection_c__pyext
[0.351s] [100%] Built target team4_msgs__rosidl_typesupport_fastrtps_c__pyext
[0.351s] [100%] Built target team4_msgs__rosidl_typesupport_c__pyext
[0.654s] running egg_info
[0.655s] writing team4_msgs.egg-info/PKG-INFO
[0.656s] writing dependency_links to team4_msgs.egg-info/dependency_links.txt
[0.656s] writing top-level names to team4_msgs.egg-info/top_level.txt
[0.661s] reading manifest file 'team4_msgs.egg-info/SOURCES.txt'
[0.662s] writing manifest file 'team4_msgs.egg-info/SOURCES.txt'
[0.714s] [100%] Built target ament_cmake_python_build_team4_msgs_egg
[0.745s] Invoked command in '/home/beakhongha/RobotArm/build/team4_msgs' returned '0': CMAKE_PREFIX_PATH=${CMAKE_PREFIX_PATH}:/home/beakhongha/RobotArm/install/aris_pkg:/opt/ros/humble /usr/bin/cmake --build /home/beakhongha/RobotArm/build/team4_msgs -- -j16 -l16
[0.938s] Invoking command in '/home/beakhongha/RobotArm/build/team4_msgs': CMAKE_PREFIX_PATH=${CMAKE_PREFIX_PATH}:/home/beakhongha/RobotArm/install/aris_pkg:/opt/ros/humble /usr/bin/cmake --install /home/beakhongha/RobotArm/build/team4_msgs
[0.952s] -- Install configuration: ""
[0.952s] -- Up-to-date: /home/beakhongha/RobotArm/install/team4_msgs/share/ament_index/resource_index/rosidl_interfaces/team4_msgs
[0.952s] -- Up-to-date: /home/beakhongha/RobotArm/install/team4_msgs/include/team4_msgs/team4_msgs
[0.953s] -- Up-to-date: /home/beakhongha/RobotArm/install/team4_msgs/include/team4_msgs/team4_msgs/srv
[0.953s] -- Up-to-date: /home/beakhongha/RobotArm/install/team4_msgs/include/team4_msgs/team4_msgs/srv/detail
[0.953s] -- Up-to-date: /home/beakhongha/RobotArm/install/team4_msgs/include/team4_msgs/team4_msgs/srv/detail/put_on_icecream__functions.h
[0.953s] -- Up-to-date: /home/beakhongha/RobotArm/install/team4_msgs/include/team4_msgs/team4_msgs/srv/detail/put_on_icecream__struct.h
[0.953s] -- Up-to-date: /home/beakhongha/RobotArm/install/team4_msgs/include/team4_msgs/team4_msgs/srv/detail/put_on_icecream__functions.c
[0.953s] -- Up-to-date: /home/beakhongha/RobotArm/install/team4_msgs/include/team4_msgs/team4_msgs/srv/detail/put_on_icecream__type_support.h
[0.954s] -- Up-to-date: /home/beakhongha/RobotArm/install/team4_msgs/include/team4_msgs/team4_msgs/srv/put_on_icecream.h
[0.954s] -- Up-to-date: /home/beakhongha/RobotArm/install/team4_msgs/include/team4_msgs/team4_msgs/msg
[0.954s] -- Up-to-date: /home/beakhongha/RobotArm/install/team4_msgs/include/team4_msgs/team4_msgs/msg/detail
[0.954s] -- Up-to-date: /home/beakhongha/RobotArm/install/team4_msgs/include/team4_msgs/team4_msgs/msg/detail/storagy_status__functions.h
[0.954s] -- Up-to-date: /home/beakhongha/RobotArm/install/team4_msgs/include/team4_msgs/team4_msgs/msg/detail/storagy_status__struct.h
[0.954s] -- Up-to-date: /home/beakhongha/RobotArm/install/team4_msgs/include/team4_msgs/team4_msgs/msg/detail/storagy_status__type_support.h
[0.954s] -- Up-to-date: /home/beakhongha/RobotArm/install/team4_msgs/include/team4_msgs/team4_msgs/msg/detail/storagy_status__functions.c
[0.954s] -- Up-to-date: /home/beakhongha/RobotArm/install/team4_msgs/include/team4_msgs/team4_msgs/msg/storagy_status.h
[0.954s] -- Up-to-date: /home/beakhongha/RobotArm/install/team4_msgs/include/team4_msgs/team4_msgs/msg/rosidl_generator_c__visibility_control.h
[0.954s] -- Up-to-date: /home/beakhongha/RobotArm/install/team4_msgs/share/team4_msgs/environment/library_path.sh
[0.955s] -- Up-to-date: /home/beakhongha/RobotArm/install/team4_msgs/share/team4_msgs/environment/library_path.dsv
[0.955s] -- Up-to-date: /home/beakhongha/RobotArm/install/team4_msgs/lib/libteam4_msgs__rosidl_generator_c.so
[0.955s] -- Up-to-date: /home/beakhongha/RobotArm/install/team4_msgs/include/team4_msgs/team4_msgs
[0.955s] -- Up-to-date: /home/beakhongha/RobotArm/install/team4_msgs/include/team4_msgs/team4_msgs/srv
[0.955s] -- Up-to-date: /home/beakhongha/RobotArm/install/team4_msgs/include/team4_msgs/team4_msgs/srv/detail
[0.955s] -- Up-to-date: /home/beakhongha/RobotArm/install/team4_msgs/include/team4_msgs/team4_msgs/srv/detail/put_on_icecream__rosidl_typesupport_fastrtps_c.h
[0.955s] -- Up-to-date: /home/beakhongha/RobotArm/install/team4_msgs/include/team4_msgs/team4_msgs/msg
[0.955s] -- Up-to-date: /home/beakhongha/RobotArm/install/team4_msgs/include/team4_msgs/team4_msgs/msg/rosidl_typesupport_fastrtps_c__visibility_control.h
[0.956s] -- Up-to-date: /home/beakhongha/RobotArm/install/team4_msgs/include/team4_msgs/team4_msgs/msg/detail
[0.956s] -- Up-to-date: /home/beakhongha/RobotArm/install/team4_msgs/include/team4_msgs/team4_msgs/msg/detail/storagy_status__rosidl_typesupport_fastrtps_c.h
[0.956s] -- Up-to-date: /home/beakhongha/RobotArm/install/team4_msgs/lib/libteam4_msgs__rosidl_typesupport_fastrtps_c.so
[0.956s] -- Up-to-date: /home/beakhongha/RobotArm/install/team4_msgs/include/team4_msgs/team4_msgs
[0.956s] -- Up-to-date: /home/beakhongha/RobotArm/install/team4_msgs/include/team4_msgs/team4_msgs/srv
[0.956s] -- Up-to-date: /home/beakhongha/RobotArm/install/team4_msgs/include/team4_msgs/team4_msgs/srv/detail
[0.956s] -- Up-to-date: /home/beakhongha/RobotArm/install/team4_msgs/include/team4_msgs/team4_msgs/srv/detail/put_on_icecream__type_support.c
[0.956s] -- Up-to-date: /home/beakhongha/RobotArm/install/team4_msgs/include/team4_msgs/team4_msgs/srv/detail/put_on_icecream__rosidl_typesupport_introspection_c.h
[0.957s] -- Up-to-date: /home/beakhongha/RobotArm/install/team4_msgs/include/team4_msgs/team4_msgs/msg
[0.957s] -- Up-to-date: /home/beakhongha/RobotArm/install/team4_msgs/include/team4_msgs/team4_msgs/msg/detail
[0.957s] -- Up-to-date: /home/beakhongha/RobotArm/install/team4_msgs/include/team4_msgs/team4_msgs/msg/detail/storagy_status__rosidl_typesupport_introspection_c.h
[0.957s] -- Up-to-date: /home/beakhongha/RobotArm/install/team4_msgs/include/team4_msgs/team4_msgs/msg/detail/storagy_status__type_support.c
[0.957s] -- Up-to-date: /home/beakhongha/RobotArm/install/team4_msgs/include/team4_msgs/team4_msgs/msg/rosidl_typesupport_introspection_c__visibility_control.h
[0.957s] -- Up-to-date: /home/beakhongha/RobotArm/install/team4_msgs/lib/libteam4_msgs__rosidl_typesupport_introspection_c.so
[0.957s] -- Up-to-date: /home/beakhongha/RobotArm/install/team4_msgs/lib/libteam4_msgs__rosidl_typesupport_c.so
[0.957s] -- Up-to-date: /home/beakhongha/RobotArm/install/team4_msgs/include/team4_msgs/team4_msgs
[0.957s] -- Up-to-date: /home/beakhongha/RobotArm/install/team4_msgs/include/team4_msgs/team4_msgs/srv
[0.958s] -- Up-to-date: /home/beakhongha/RobotArm/install/team4_msgs/include/team4_msgs/team4_msgs/srv/put_on_icecream.hpp
[0.958s] -- Up-to-date: /home/beakhongha/RobotArm/install/team4_msgs/include/team4_msgs/team4_msgs/srv/detail
[0.958s] -- Up-to-date: /home/beakhongha/RobotArm/install/team4_msgs/include/team4_msgs/team4_msgs/srv/detail/put_on_icecream__struct.hpp
[0.958s] -- Up-to-date: /home/beakhongha/RobotArm/install/team4_msgs/include/team4_msgs/team4_msgs/srv/detail/put_on_icecream__traits.hpp
[0.958s] -- Up-to-date: /home/beakhongha/RobotArm/install/team4_msgs/include/team4_msgs/team4_msgs/srv/detail/put_on_icecream__builder.hpp
[0.958s] -- Up-to-date: /home/beakhongha/RobotArm/install/team4_msgs/include/team4_msgs/team4_msgs/msg
[0.958s] -- Up-to-date: /home/beakhongha/RobotArm/install/team4_msgs/include/team4_msgs/team4_msgs/msg/storagy_status.hpp
[0.959s] -- Up-to-date: /home/beakhongha/RobotArm/install/team4_msgs/include/team4_msgs/team4_msgs/msg/detail
[0.959s] -- Up-to-date: /home/beakhongha/RobotArm/install/team4_msgs/include/team4_msgs/team4_msgs/msg/detail/storagy_status__traits.hpp
[0.959s] -- Up-to-date: /home/beakhongha/RobotArm/install/team4_msgs/include/team4_msgs/team4_msgs/msg/detail/storagy_status__struct.hpp
[0.959s] -- Up-to-date: /home/beakhongha/RobotArm/install/team4_msgs/include/team4_msgs/team4_msgs/msg/detail/storagy_status__builder.hpp
[0.959s] -- Up-to-date: /home/beakhongha/RobotArm/install/team4_msgs/include/team4_msgs/team4_msgs
[0.959s] -- Up-to-date: /home/beakhongha/RobotArm/install/team4_msgs/include/team4_msgs/team4_msgs/srv
[0.959s] -- Up-to-date: /home/beakhongha/RobotArm/install/team4_msgs/include/team4_msgs/team4_msgs/srv/detail
[0.960s] -- Up-to-date: /home/beakhongha/RobotArm/install/team4_msgs/include/team4_msgs/team4_msgs/srv/detail/dds_fastrtps
[0.960s] -- Up-to-date: /home/beakhongha/RobotArm/install/team4_msgs/include/team4_msgs/team4_msgs/srv/detail/put_on_icecream__rosidl_typesupport_fastrtps_cpp.hpp
[0.960s] -- Up-to-date: /home/beakhongha/RobotArm/install/team4_msgs/include/team4_msgs/team4_msgs/msg
[0.960s] -- Up-to-date: /home/beakhongha/RobotArm/install/team4_msgs/include/team4_msgs/team4_msgs/msg/detail
[0.960s] -- Up-to-date: /home/beakhongha/RobotArm/install/team4_msgs/include/team4_msgs/team4_msgs/msg/detail/dds_fastrtps
[0.960s] -- Up-to-date: /home/beakhongha/RobotArm/install/team4_msgs/include/team4_msgs/team4_msgs/msg/detail/storagy_status__rosidl_typesupport_fastrtps_cpp.hpp
[0.960s] -- Up-to-date: /home/beakhongha/RobotArm/install/team4_msgs/include/team4_msgs/team4_msgs/msg/rosidl_typesupport_fastrtps_cpp__visibility_control.h
[0.961s] -- Up-to-date: /home/beakhongha/RobotArm/install/team4_msgs/lib/libteam4_msgs__rosidl_typesupport_fastrtps_cpp.so
[0.961s] -- Up-to-date: /home/beakhongha/RobotArm/install/team4_msgs/include/team4_msgs/team4_msgs
[0.961s] -- Up-to-date: /home/beakhongha/RobotArm/install/team4_msgs/include/team4_msgs/team4_msgs/srv
[0.961s] -- Up-to-date: /home/beakhongha/RobotArm/install/team4_msgs/include/team4_msgs/team4_msgs/srv/detail
[0.961s] -- Up-to-date: /home/beakhongha/RobotArm/install/team4_msgs/include/team4_msgs/team4_msgs/srv/detail/put_on_icecream__rosidl_typesupport_introspection_cpp.hpp
[0.961s] -- Up-to-date: /home/beakhongha/RobotArm/install/team4_msgs/include/team4_msgs/team4_msgs/srv/detail/put_on_icecream__type_support.cpp
[0.961s] -- Up-to-date: /home/beakhongha/RobotArm/install/team4_msgs/include/team4_msgs/team4_msgs/msg
[0.962s] -- Up-to-date: /home/beakhongha/RobotArm/install/team4_msgs/include/team4_msgs/team4_msgs/msg/detail
[0.962s] -- Up-to-date: /home/beakhongha/RobotArm/install/team4_msgs/include/team4_msgs/team4_msgs/msg/detail/storagy_status__type_support.cpp
[0.962s] -- Up-to-date: /home/beakhongha/RobotArm/install/team4_msgs/include/team4_msgs/team4_msgs/msg/detail/storagy_status__rosidl_typesupport_introspection_cpp.hpp
[0.962s] -- Up-to-date: /home/beakhongha/RobotArm/install/team4_msgs/lib/libteam4_msgs__rosidl_typesupport_introspection_cpp.so
[0.962s] -- Up-to-date: /home/beakhongha/RobotArm/install/team4_msgs/lib/libteam4_msgs__rosidl_typesupport_cpp.so
[0.962s] -- Up-to-date: /home/beakhongha/RobotArm/install/team4_msgs/share/team4_msgs/environment/pythonpath.sh
[0.962s] -- Up-to-date: /home/beakhongha/RobotArm/install/team4_msgs/share/team4_msgs/environment/pythonpath.dsv
[0.963s] -- Up-to-date: /home/beakhongha/RobotArm/install/team4_msgs/local/lib/python3.10/dist-packages/team4_msgs-0.0.0-py3.10.egg-info
[0.963s] -- Installing: /home/beakhongha/RobotArm/install/team4_msgs/local/lib/python3.10/dist-packages/team4_msgs-0.0.0-py3.10.egg-info/top_level.txt
[0.963s] -- Installing: /home/beakhongha/RobotArm/install/team4_msgs/local/lib/python3.10/dist-packages/team4_msgs-0.0.0-py3.10.egg-info/SOURCES.txt
[0.963s] -- Installing: /home/beakhongha/RobotArm/install/team4_msgs/local/lib/python3.10/dist-packages/team4_msgs-0.0.0-py3.10.egg-info/PKG-INFO
[0.963s] -- Installing: /home/beakhongha/RobotArm/install/team4_msgs/local/lib/python3.10/dist-packages/team4_msgs-0.0.0-py3.10.egg-info/dependency_links.txt
[0.963s] -- Up-to-date: /home/beakhongha/RobotArm/install/team4_msgs/local/lib/python3.10/dist-packages/team4_msgs
[0.964s] -- Up-to-date: /home/beakhongha/RobotArm/install/team4_msgs/local/lib/python3.10/dist-packages/team4_msgs/__init__.py
[0.964s] -- Up-to-date: /home/beakhongha/RobotArm/install/team4_msgs/local/lib/python3.10/dist-packages/team4_msgs/srv
[0.964s] -- Up-to-date: /home/beakhongha/RobotArm/install/team4_msgs/local/lib/python3.10/dist-packages/team4_msgs/srv/__init__.py
[0.964s] -- Up-to-date: /home/beakhongha/RobotArm/install/team4_msgs/local/lib/python3.10/dist-packages/team4_msgs/srv/_put_on_icecream.py
[0.964s] -- Up-to-date: /home/beakhongha/RobotArm/install/team4_msgs/local/lib/python3.10/dist-packages/team4_msgs/srv/_put_on_icecream_s.c
[0.964s] -- Up-to-date: /home/beakhongha/RobotArm/install/team4_msgs/local/lib/python3.10/dist-packages/team4_msgs/team4_msgs_s__rosidl_typesupport_introspection_c.cpython-310-x86_64-linux-gnu.so
[0.965s] -- Up-to-date: /home/beakhongha/RobotArm/install/team4_msgs/local/lib/python3.10/dist-packages/team4_msgs/_team4_msgs_s.ep.rosidl_typesupport_fastrtps_c.c
[0.965s] -- Up-to-date: /home/beakhongha/RobotArm/install/team4_msgs/local/lib/python3.10/dist-packages/team4_msgs/team4_msgs_s__rosidl_typesupport_c.cpython-310-x86_64-linux-gnu.so
[0.965s] -- Up-to-date: /home/beakhongha/RobotArm/install/team4_msgs/local/lib/python3.10/dist-packages/team4_msgs/team4_msgs_s__rosidl_typesupport_fastrtps_c.cpython-310-x86_64-linux-gnu.so
[0.965s] -- Up-to-date: /home/beakhongha/RobotArm/install/team4_msgs/local/lib/python3.10/dist-packages/team4_msgs/libteam4_msgs__rosidl_generator_py.so
[0.965s] -- Up-to-date: /home/beakhongha/RobotArm/install/team4_msgs/local/lib/python3.10/dist-packages/team4_msgs/_team4_msgs_s.ep.rosidl_typesupport_introspection_c.c
[0.965s] -- Up-to-date: /home/beakhongha/RobotArm/install/team4_msgs/local/lib/python3.10/dist-packages/team4_msgs/msg
[0.965s] -- Up-to-date: /home/beakhongha/RobotArm/install/team4_msgs/local/lib/python3.10/dist-packages/team4_msgs/msg/_storagy_status_s.c
[0.965s] -- Up-to-date: /home/beakhongha/RobotArm/install/team4_msgs/local/lib/python3.10/dist-packages/team4_msgs/msg/__init__.py
[0.966s] -- Up-to-date: /home/beakhongha/RobotArm/install/team4_msgs/local/lib/python3.10/dist-packages/team4_msgs/msg/_storagy_status.py
[0.966s] -- Up-to-date: /home/beakhongha/RobotArm/install/team4_msgs/local/lib/python3.10/dist-packages/team4_msgs/_team4_msgs_s.ep.rosidl_typesupport_c.c
[1.023s] Listing '/home/beakhongha/RobotArm/install/team4_msgs/local/lib/python3.10/dist-packages/team4_msgs'...
[1.023s] Listing '/home/beakhongha/RobotArm/install/team4_msgs/local/lib/python3.10/dist-packages/team4_msgs/msg'...
[1.024s] Listing '/home/beakhongha/RobotArm/install/team4_msgs/local/lib/python3.10/dist-packages/team4_msgs/srv'...
[1.030s] -- Up-to-date: /home/beakhongha/RobotArm/install/team4_msgs/local/lib/python3.10/dist-packages/team4_msgs/team4_msgs_s__rosidl_typesupport_fastrtps_c.cpython-310-x86_64-linux-gnu.so
[1.031s] -- Up-to-date: /home/beakhongha/RobotArm/install/team4_msgs/local/lib/python3.10/dist-packages/team4_msgs/team4_msgs_s__rosidl_typesupport_introspection_c.cpython-310-x86_64-linux-gnu.so
[1.032s] -- Up-to-date: /home/beakhongha/RobotArm/install/team4_msgs/local/lib/python3.10/dist-packages/team4_msgs/team4_msgs_s__rosidl_typesupport_c.cpython-310-x86_64-linux-gnu.so
[1.032s] -- Up-to-date: /home/beakhongha/RobotArm/install/team4_msgs/lib/libteam4_msgs__rosidl_generator_py.so
[1.033s] -- Up-to-date: /home/beakhongha/RobotArm/install/team4_msgs/share/team4_msgs/srv/PutOnIcecream.idl
[1.033s] -- Up-to-date: /home/beakhongha/RobotArm/install/team4_msgs/share/team4_msgs/msg/StoragyStatus.idl
[1.033s] -- Up-to-date: /home/beakhongha/RobotArm/install/team4_msgs/share/team4_msgs/srv/PutOnIcecream.srv
[1.033s] -- Up-to-date: /home/beakhongha/RobotArm/install/team4_msgs/share/team4_msgs/srv/PutOnIcecream_Request.msg
[1.033s] -- Up-to-date: /home/beakhongha/RobotArm/install/team4_msgs/share/team4_msgs/srv/PutOnIcecream_Response.msg
[1.034s] -- Up-to-date: /home/beakhongha/RobotArm/install/team4_msgs/share/team4_msgs/msg/StoragyStatus.msg
[1.034s] -- Up-to-date: /home/beakhongha/RobotArm/install/team4_msgs/share/ament_index/resource_index/package_run_dependencies/team4_msgs
[1.034s] -- Up-to-date: /home/beakhongha/RobotArm/install/team4_msgs/share/ament_index/resource_index/parent_prefix_path/team4_msgs
[1.034s] -- Up-to-date: /home/beakhongha/RobotArm/install/team4_msgs/share/team4_msgs/environment/ament_prefix_path.sh
[1.034s] -- Up-to-date: /home/beakhongha/RobotArm/install/team4_msgs/share/team4_msgs/environment/ament_prefix_path.dsv
[1.034s] -- Up-to-date: /home/beakhongha/RobotArm/install/team4_msgs/share/team4_msgs/environment/path.sh
[1.034s] -- Up-to-date: /home/beakhongha/RobotArm/install/team4_msgs/share/team4_msgs/environment/path.dsv
[1.034s] -- Up-to-date: /home/beakhongha/RobotArm/install/team4_msgs/share/team4_msgs/local_setup.bash
[1.034s] -- Up-to-date: /home/beakhongha/RobotArm/install/team4_msgs/share/team4_msgs/local_setup.sh
[1.035s] -- Up-to-date: /home/beakhongha/RobotArm/install/team4_msgs/share/team4_msgs/local_setup.zsh
[1.035s] -- Up-to-date: /home/beakhongha/RobotArm/install/team4_msgs/share/team4_msgs/local_setup.dsv
[1.035s] -- Installing: /home/beakhongha/RobotArm/install/team4_msgs/share/team4_msgs/package.dsv
[1.035s] -- Up-to-date: /home/beakhongha/RobotArm/install/team4_msgs/share/ament_index/resource_index/packages/team4_msgs
[1.035s] -- Up-to-date: /home/beakhongha/RobotArm/install/team4_msgs/share/team4_msgs/cmake/export_team4_msgs__rosidl_generator_cExport.cmake
[1.035s] -- Up-to-date: /home/beakhongha/RobotArm/install/team4_msgs/share/team4_msgs/cmake/export_team4_msgs__rosidl_generator_cExport-noconfig.cmake
[1.035s] -- Up-to-date: /home/beakhongha/RobotArm/install/team4_msgs/share/team4_msgs/cmake/export_team4_msgs__rosidl_typesupport_fastrtps_cExport.cmake
[1.036s] -- Up-to-date: /home/beakhongha/RobotArm/install/team4_msgs/share/team4_msgs/cmake/export_team4_msgs__rosidl_typesupport_fastrtps_cExport-noconfig.cmake
[1.036s] -- Up-to-date: /home/beakhongha/RobotArm/install/team4_msgs/share/team4_msgs/cmake/team4_msgs__rosidl_typesupport_introspection_cExport.cmake
[1.036s] -- Up-to-date: /home/beakhongha/RobotArm/install/team4_msgs/share/team4_msgs/cmake/team4_msgs__rosidl_typesupport_introspection_cExport-noconfig.cmake
[1.036s] -- Up-to-date: /home/beakhongha/RobotArm/install/team4_msgs/share/team4_msgs/cmake/team4_msgs__rosidl_typesupport_cExport.cmake
[1.036s] -- Up-to-date: /home/beakhongha/RobotArm/install/team4_msgs/share/team4_msgs/cmake/team4_msgs__rosidl_typesupport_cExport-noconfig.cmake
[1.036s] -- Up-to-date: /home/beakhongha/RobotArm/install/team4_msgs/share/team4_msgs/cmake/export_team4_msgs__rosidl_generator_cppExport.cmake
[1.037s] -- Up-to-date: /home/beakhongha/RobotArm/install/team4_msgs/share/team4_msgs/cmake/export_team4_msgs__rosidl_typesupport_fastrtps_cppExport.cmake
[1.037s] -- Up-to-date: /home/beakhongha/RobotArm/install/team4_msgs/share/team4_msgs/cmake/export_team4_msgs__rosidl_typesupport_fastrtps_cppExport-noconfig.cmake
[1.037s] -- Up-to-date: /home/beakhongha/RobotArm/install/team4_msgs/share/team4_msgs/cmake/team4_msgs__rosidl_typesupport_introspection_cppExport.cmake
[1.037s] -- Up-to-date: /home/beakhongha/RobotArm/install/team4_msgs/share/team4_msgs/cmake/team4_msgs__rosidl_typesupport_introspection_cppExport-noconfig.cmake
[1.037s] -- Up-to-date: /home/beakhongha/RobotArm/install/team4_msgs/share/team4_msgs/cmake/team4_msgs__rosidl_typesupport_cppExport.cmake
[1.037s] -- Up-to-date: /home/beakhongha/RobotArm/install/team4_msgs/share/team4_msgs/cmake/team4_msgs__rosidl_typesupport_cppExport-noconfig.cmake
[1.038s] -- Up-to-date: /home/beakhongha/RobotArm/install/team4_msgs/share/team4_msgs/cmake/export_team4_msgs__rosidl_generator_pyExport.cmake
[1.038s] -- Up-to-date: /home/beakhongha/RobotArm/install/team4_msgs/share/team4_msgs/cmake/export_team4_msgs__rosidl_generator_pyExport-noconfig.cmake
[1.038s] -- Up-to-date: /home/beakhongha/RobotArm/install/team4_msgs/share/team4_msgs/cmake/rosidl_cmake-extras.cmake
[1.038s] -- Up-to-date: /home/beakhongha/RobotArm/install/team4_msgs/share/team4_msgs/cmake/ament_cmake_export_include_directories-extras.cmake
[1.038s] -- Up-to-date: /home/beakhongha/RobotArm/install/team4_msgs/share/team4_msgs/cmake/ament_cmake_export_libraries-extras.cmake
[1.038s] -- Up-to-date: /home/beakhongha/RobotArm/install/team4_msgs/share/team4_msgs/cmake/ament_cmake_export_targets-extras.cmake
[1.038s] -- Up-to-date: /home/beakhongha/RobotArm/install/team4_msgs/share/team4_msgs/cmake/rosidl_cmake_export_typesupport_targets-extras.cmake
[1.039s] -- Up-to-date: /home/beakhongha/RobotArm/install/team4_msgs/share/team4_msgs/cmake/ament_cmake_export_dependencies-extras.cmake
[1.039s] -- Up-to-date: /home/beakhongha/RobotArm/install/team4_msgs/share/team4_msgs/cmake/rosidl_cmake_export_typesupport_libraries-extras.cmake
[1.039s] -- Up-to-date: /home/beakhongha/RobotArm/install/team4_msgs/share/team4_msgs/cmake/team4_msgsConfig.cmake
[1.039s] -- Up-to-date: /home/beakhongha/RobotArm/install/team4_msgs/share/team4_msgs/cmake/team4_msgsConfig-version.cmake
[1.039s] -- Up-to-date: /home/beakhongha/RobotArm/install/team4_msgs/share/team4_msgs/package.xml
[1.044s] Invoked command in '/home/beakhongha/RobotArm/build/team4_msgs' returned '0': CMAKE_PREFIX_PATH=${CMAKE_PREFIX_PATH}:/home/beakhongha/RobotArm/install/aris_pkg:/opt/ros/humble /usr/bin/cmake --install /home/beakhongha/RobotArm/build/team4_msgs
