[0.664s] Invoking command in '/home/beakhongha/RobotArm/aris_pkg': LD_LIBRARY_PATH=/home/beakhongha/RobotArm/install/team4_msgs/lib:/usr/lib/x86_64-linux-gnu/gazebo-11/plugins:/opt/ros/humble/opt/rviz_ogre_vendor/lib:/opt/ros/humble/lib/x86_64-linux-gnu:/opt/ros/humble/lib:/usr/local/cuda-11.5/lib64 PYTHONPATH=/home/beakhongha/RobotArm/build/aris_pkg/prefix_override:/usr/lib/python3/dist-packages/colcon_core/task/python/colcon_distutils_commands:/home/beakhongha/RobotArm/install/aris_pkg/lib/python3.10/site-packages:/home/beakhongha/RobotArm/install/xArm-Python-SDK/lib/python3.10/site-packages:/home/beakhongha/RobotArm/install/aris_pkg/lib/python3.10/site-packages:/home/beakhongha/RobotArm/install/team4_msgs/local/lib/python3.10/dist-packages:/opt/ros/humble/lib/python3.10/site-packages:/opt/ros/humble/local/lib/python3.10/dist-packages /usr/bin/python3 -W ignore:setup.py install is deprecated setup.py egg_info --egg-base ../build/aris_pkg build --build-base /home/beakhongha/RobotArm/build/aris_pkg/build install --record /home/beakhongha/RobotArm/build/aris_pkg/install.log --single-version-externally-managed install_data
[0.917s] running egg_info
[0.917s] writing ../build/aris_pkg/aris_pkg.egg-info/PKG-INFO
[0.918s] writing dependency_links to ../build/aris_pkg/aris_pkg.egg-info/dependency_links.txt
[0.918s] writing entry points to ../build/aris_pkg/aris_pkg.egg-info/entry_points.txt
[0.918s] writing requirements to ../build/aris_pkg/aris_pkg.egg-info/requires.txt
[0.918s] writing top-level names to ../build/aris_pkg/aris_pkg.egg-info/top_level.txt
[0.919s] reading manifest file '../build/aris_pkg/aris_pkg.egg-info/SOURCES.txt'
[0.920s] writing manifest file '../build/aris_pkg/aris_pkg.egg-info/SOURCES.txt'
[0.920s] running build
[0.920s] running build_py
[0.920s] copying aris_pkg/motion3_origin.py -> /home/beakhongha/RobotArm/build/aris_pkg/build/lib/aris_pkg
[0.920s] copying aris_pkg/motion3.py -> /home/beakhongha/RobotArm/build/aris_pkg/build/lib/aris_pkg
[0.920s] running install
[0.921s] running install_lib
[0.921s] copying /home/beakhongha/RobotArm/build/aris_pkg/build/lib/aris_pkg/motion3_origin.py -> /home/beakhongha/RobotArm/install/aris_pkg/lib/python3.10/site-packages/aris_pkg
[0.921s] copying /home/beakhongha/RobotArm/build/aris_pkg/build/lib/aris_pkg/motion3.py -> /home/beakhongha/RobotArm/install/aris_pkg/lib/python3.10/site-packages/aris_pkg
[0.922s] byte-compiling /home/beakhongha/RobotArm/install/aris_pkg/lib/python3.10/site-packages/aris_pkg/motion3_origin.py to motion3_origin.cpython-310.pyc
[0.932s] byte-compiling /home/beakhongha/RobotArm/install/aris_pkg/lib/python3.10/site-packages/aris_pkg/motion3.py to motion3.cpython-310.pyc
[0.938s] running install_data
[0.939s] running install_egg_info
[0.940s] removing '/home/beakhongha/RobotArm/install/aris_pkg/lib/python3.10/site-packages/aris_pkg-0.0.0-py3.10.egg-info' (and everything under it)
[0.940s] Copying ../build/aris_pkg/aris_pkg.egg-info to /home/beakhongha/RobotArm/install/aris_pkg/lib/python3.10/site-packages/aris_pkg-0.0.0-py3.10.egg-info
[0.941s] running install_scripts
[0.958s] Installing aris script to /home/beakhongha/RobotArm/install/aris_pkg/lib/aris_pkg
[0.958s] writing list of installed files to '/home/beakhongha/RobotArm/build/aris_pkg/install.log'
[0.987s] Invoked command in '/home/beakhongha/RobotArm/aris_pkg' returned '0': LD_LIBRARY_PATH=/home/beakhongha/RobotArm/install/team4_msgs/lib:/usr/lib/x86_64-linux-gnu/gazebo-11/plugins:/opt/ros/humble/opt/rviz_ogre_vendor/lib:/opt/ros/humble/lib/x86_64-linux-gnu:/opt/ros/humble/lib:/usr/local/cuda-11.5/lib64 PYTHONPATH=/home/beakhongha/RobotArm/build/aris_pkg/prefix_override:/usr/lib/python3/dist-packages/colcon_core/task/python/colcon_distutils_commands:/home/beakhongha/RobotArm/install/aris_pkg/lib/python3.10/site-packages:/home/beakhongha/RobotArm/install/xArm-Python-SDK/lib/python3.10/site-packages:/home/beakhongha/RobotArm/install/aris_pkg/lib/python3.10/site-packages:/home/beakhongha/RobotArm/install/team4_msgs/local/lib/python3.10/dist-packages:/opt/ros/humble/lib/python3.10/site-packages:/opt/ros/humble/local/lib/python3.10/dist-packages /usr/bin/python3 -W ignore:setup.py install is deprecated setup.py egg_info --egg-base ../build/aris_pkg build --build-base /home/beakhongha/RobotArm/build/aris_pkg/build install --record /home/beakhongha/RobotArm/build/aris_pkg/install.log --single-version-externally-managed install_data
